[0.125s] Invoking command in '/home/hansol/ros2_ws/build/darknet_ros': CMAKE_PREFIX_PATH=/home/hansol/ros2_ws/install/darknet_ros_msgs:/home/hansol/ros2_ws/install/realsense_ros2_camera:/home/hansol/ros2_ws/install/realsense_camera_msgs:/home/hansol/ros2_ws/install/darknet_ros:/home/hansol/ros2_ws/install/Darknet:/opt/ros/dashing LD_LIBRARY_PATH=/home/hansol/ros2_ws/install/darknet_ros_msgs/lib:/home/hansol/ros2_ws/install/realsense_camera_msgs/lib:/home/hansol/ros2_ws/install/darknet_ros/lib:/opt/ros/dashing/lib:/usr/local/cuda-10.2/lib64 PYTHONPATH=/home/hansol/ros2_ws/install/darknet_ros_msgs/lib/python3.6/site-packages:/home/hansol/ros2_ws/install/realsense_camera_msgs/lib/python3.6/site-packages:/opt/ros/dashing/lib/python3.6/site-packages /usr/local/bin/cmake --build /home/hansol/ros2_ws/build/darknet_ros -- -j4 -l4
[0.665s] [  1%] [32mBuilding CXX object CMakeFiles/darknet_ros_lib.dir/src/YoloObjectDetector.cpp.o[0m
[1.900s] In file included from [01m[K/usr/local/cuda-10.2/include/cuda_runtime.h:95:0[m[K,
[1.901s]                  from [01m[K/home/hansol/ros2_ws/src/darknet_ros/darknet_ros/src/YoloObjectDetector.cpp:2[m[K:
[1.903s] [01m[K/usr/local/cuda-10.2/include/channel_descriptor.h:104:1:[m[K [01;31m[Kerror: [m[Ktemplate with C linkage
[1.905s]  [01;31m[Ktemplate[m[K<class T> __inline__ __host__ cudaChannelFormatDesc cudaCreateChannelDesc(void)
[1.907s]  [01;31m[K^~~~~~~~[m[K
[1.908s] [01m[K/usr/local/cuda-10.2/include/channel_descriptor.h:137:1:[m[K [01;31m[Kerror: [m[Ktemplate specialization with C linkage
[1.909s]  [01;31m[Ktemplate[m[K<> __inline__ __host__ cudaChannelFormatDesc cudaCreateChannelDesc<char>(void)
[1.910s]  [01;31m[K^~~~~~~~[m[K
[1.910s] [01m[K/usr/local/cuda-10.2/include/channel_descriptor.h:148:1:[m[K [01;31m[Kerror: [m[Ktemplate specialization with C linkage
[1.911s]  [01;31m[Ktemplate[m[K<> __inline__ __host__ cudaChannelFormatDesc cudaCreateChannelDesc<signed char>(void)
[1.912s]  [01;31m[K^~~~~~~~[m[K
[1.912s] [01m[K/usr/local/cuda-10.2/include/channel_descriptor.h:155:1:[m[K [01;31m[Kerror: [m[Ktemplate specialization with C linkage
[1.913s]  [01;31m[Ktemplate[m[K<> __inline__ __host__ cudaChannelFormatDesc cudaCreateChannelDesc<unsigned char>(void)
[1.913s]  [01;31m[K^~~~~~~~[m[K
[1.914s] [01m[K/usr/local/cuda-10.2/include/channel_descriptor.h:162:1:[m[K [01;31m[Kerror: [m[Ktemplate specialization with C linkage
[1.915s]  [01;31m[Ktemplate[m[K<> __inline__ __host__ cudaChannelFormatDesc cudaCreateChannelDesc<char1>(void)
[1.915s]  [01;31m[K^~~~~~~~[m[K
[1.916s] [01m[K/usr/local/cuda-10.2/include/channel_descriptor.h:169:1:[m[K [01;31m[Kerror: [m[Ktemplate specialization with C linkage
[1.917s]  [01;31m[Ktemplate[m[K<> __inline__ __host__ cudaChannelFormatDesc cudaCreateChannelDesc<uchar1>(void)
[1.917s]  [01;31m[K^~~~~~~~[m[K
[1.918s] [01m[K/usr/local/cuda-10.2/include/channel_descriptor.h:176:1:[m[K [01;31m[Kerror: [m[Ktemplate specialization with C linkage
[1.918s]  [01;31m[Ktemplate[m[K<> __inline__ __host__ cudaChannelFormatDesc cudaCreateChannelDesc<char2>(void)
[1.919s]  [01;31m[K^~~~~~~~[m[K
[1.920s] [01m[K/usr/local/cuda-10.2/include/channel_descriptor.h:183:1:[m[K [01;31m[Kerror: [m[Ktemplate specialization with C linkage
[1.921s]  [01;31m[Ktemplate[m[K<> __inline__ __host__ cudaChannelFormatDesc cudaCreateChannelDesc<uchar2>(void)
[1.921s]  [01;31m[K^~~~~~~~[m[K
[1.922s] [01m[K/usr/local/cuda-10.2/include/channel_descriptor.h:190:1:[m[K [01;31m[Kerror: [m[Ktemplate specialization with C linkage
[1.923s]  [01;31m[Ktemplate[m[K<> __inline__ __host__ cudaChannelFormatDesc cudaCreateChannelDesc<char4>(void)
[1.925s]  [01;31m[K^~~~~~~~[m[K
[1.927s] [01m[K/usr/local/cuda-10.2/include/channel_descriptor.h:197:1:[m[K [01;31m[Kerror: [m[Ktemplate specialization with C linkage
[1.930s]  [01;31m[Ktemplate[m[K<> __inline__ __host__ cudaChannelFormatDesc cudaCreateChannelDesc<uchar4>(void)
[1.931s]  [01;31m[K^~~~~~~~[m[K
[1.932s] [01m[K/usr/local/cuda-10.2/include/channel_descriptor.h:204:1:[m[K [01;31m[Kerror: [m[Ktemplate specialization with C linkage
[1.933s]  [01;31m[Ktemplate[m[K<> __inline__ __host__ cudaChannelFormatDesc cudaCreateChannelDesc<short>(void)
[1.933s]  [01;31m[K^~~~~~~~[m[K
[1.934s] [01m[K/usr/local/cuda-10.2/include/channel_descriptor.h:211:1:[m[K [01;31m[Kerror: [m[Ktemplate specialization with C linkage
[1.934s]  [01;31m[Ktemplate[m[K<> __inline__ __host__ cudaChannelFormatDesc cudaCreateChannelDesc<unsigned short>(void)
[1.935s]  [01;31m[K^~~~~~~~[m[K
[1.936s] [01m[K/usr/local/cuda-10.2/include/channel_descriptor.h:218:1:[m[K [01;31m[Kerror: [m[Ktemplate specialization with C linkage
[1.936s]  [01;31m[Ktemplate[m[K<> __inline__ __host__ cudaChannelFormatDesc cudaCreateChannelDesc<short1>(void)
[1.937s]  [01;31m[K^~~~~~~~[m[K
[1.938s] [01m[K/usr/local/cuda-10.2/include/channel_descriptor.h:225:1:[m[K [01;31m[Kerror: [m[Ktemplate specialization with C linkage
[1.938s]  [01;31m[Ktemplate[m[K<> __inline__ __host__ cudaChannelFormatDesc cudaCreateChannelDesc<ushort1>(void)
[1.939s]  [01;31m[K^~~~~~~~[m[K
[1.940s] [01m[K/usr/local/cuda-10.2/include/channel_descriptor.h:232:1:[m[K [01;31m[Kerror: [m[Ktemplate specialization with C linkage
[1.941s]  [01;31m[Ktemplate[m[K<> __inline__ __host__ cudaChannelFormatDesc cudaCreateChannelDesc<short2>(void)
[1.941s]  [01;31m[K^~~~~~~~[m[K
[1.942s] [01m[K/usr/local/cuda-10.2/include/channel_descriptor.h:239:1:[m[K [01;31m[Kerror: [m[Ktemplate specialization with C linkage
[1.943s]  [01;31m[Ktemplate[m[K<> __inline__ __host__ cudaChannelFormatDesc cudaCreateChannelDesc<ushort2>(void)
[1.943s]  [01;31m[K^~~~~~~~[m[K
[1.944s] [01m[K/usr/local/cuda-10.2/include/channel_descriptor.h:246:1:[m[K [01;31m[Kerror: [m[Ktemplate specialization with C linkage
[1.944s]  [01;31m[Ktemplate[m[K<> __inline__ __host__ cudaChannelFormatDesc cudaCreateChannelDesc<short4>(void)
[1.945s]  [01;31m[K^~~~~~~~[m[K
[1.946s] [01m[K/usr/local/cuda-10.2/include/channel_descriptor.h:253:1:[m[K [01;31m[Kerror: [m[Ktemplate specialization with C linkage
[1.946s]  [01;31m[Ktemplate[m[K<> __inline__ __host__ cudaChannelFormatDesc cudaCreateChannelDesc<ushort4>(void)
[1.947s]  [01;31m[K^~~~~~~~[m[K
[1.947s] [01m[K/usr/local/cuda-10.2/include/channel_descriptor.h:260:1:[m[K [01;31m[Kerror: [m[Ktemplate specialization with C linkage
[1.948s]  [01;31m[Ktemplate[m[K<> __inline__ __host__ cudaChannelFormatDesc cudaCreateChannelDesc<int>(void)
[1.949s]  [01;31m[K^~~~~~~~[m[K
[1.949s] [01m[K/usr/local/cuda-10.2/include/channel_descriptor.h:267:1:[m[K [01;31m[Kerror: [m[Ktemplate specialization with C linkage
[1.950s]  [01;31m[Ktemplate[m[K<> __inline__ __host__ cudaChannelFormatDesc cudaCreateChannelDesc<unsigned int>(void)
[1.950s]  [01;31m[K^~~~~~~~[m[K
[1.951s] [01m[K/usr/local/cuda-10.2/include/channel_descriptor.h:274:1:[m[K [01;31m[Kerror: [m[Ktemplate specialization with C linkage
[1.951s]  [01;31m[Ktemplate[m[K<> __inline__ __host__ cudaChannelFormatDesc cudaCreateChannelDesc<int1>(void)
[1.952s]  [01;31m[K^~~~~~~~[m[K
[1.952s] [01m[K/usr/local/cuda-10.2/include/channel_descriptor.h:281:1:[m[K [01;31m[Kerror: [m[Ktemplate specialization with C linkage
[1.953s]  [01;31m[Ktemplate[m[K<> __inline__ __host__ cudaChannelFormatDesc cudaCreateChannelDesc<uint1>(void)
[1.954s]  [01;31m[K^~~~~~~~[m[K
[1.954s] [01m[K/usr/local/cuda-10.2/include/channel_descriptor.h:288:1:[m[K [01;31m[Kerror: [m[Ktemplate specialization with C linkage
[1.955s]  [01;31m[Ktemplate[m[K<> __inline__ __host__ cudaChannelFormatDesc cudaCreateChannelDesc<int2>(void)
[1.956s]  [01;31m[K^~~~~~~~[m[K
[1.956s] [01m[K/usr/local/cuda-10.2/include/channel_descriptor.h:295:1:[m[K [01;31m[Kerror: [m[Ktemplate specialization with C linkage
[1.957s]  [01;31m[Ktemplate[m[K<> __inline__ __host__ cudaChannelFormatDesc cudaCreateChannelDesc<uint2>(void)
[1.958s]  [01;31m[K^~~~~~~~[m[K
[1.958s] [01m[K/usr/local/cuda-10.2/include/channel_descriptor.h:302:1:[m[K [01;31m[Kerror: [m[Ktemplate specialization with C linkage
[1.959s]  [01;31m[Ktemplate[m[K<> __inline__ __host__ cudaChannelFormatDesc cudaCreateChannelDesc<int4>(void)
[1.960s]  [01;31m[K^~~~~~~~[m[K
[1.960s] [01m[K/usr/local/cuda-10.2/include/channel_descriptor.h:309:1:[m[K [01;31m[Kerror: [m[Ktemplate specialization with C linkage
[1.961s]  [01;31m[Ktemplate[m[K<> __inline__ __host__ cudaChannelFormatDesc cudaCreateChannelDesc<uint4>(void)
[1.961s]  [01;31m[K^~~~~~~~[m[K
[1.962s] [01m[K/usr/local/cuda-10.2/include/channel_descriptor.h:376:1:[m[K [01;31m[Kerror: [m[Ktemplate specialization with C linkage
[1.963s]  [01;31m[Ktemplate[m[K<> __inline__ __host__ cudaChannelFormatDesc cudaCreateChannelDesc<float>(void)
[1.963s]  [01;31m[K^~~~~~~~[m[K
[1.964s] [01m[K/usr/local/cuda-10.2/include/channel_descriptor.h:383:1:[m[K [01;31m[Kerror: [m[Ktemplate specialization with C linkage
[1.964s]  [01;31m[Ktemplate[m[K<> __inline__ __host__ cudaChannelFormatDesc cudaCreateChannelDesc<float1>(void)
[1.965s]  [01;31m[K^~~~~~~~[m[K
[1.966s] [01m[K/usr/local/cuda-10.2/include/channel_descriptor.h:390:1:[m[K [01;31m[Kerror: [m[Ktemplate specialization with C linkage
[1.966s]  [01;31m[Ktemplate[m[K<> __inline__ __host__ cudaChannelFormatDesc cudaCreateChannelDesc<float2>(void)
[1.967s]  [01;31m[K^~~~~~~~[m[K
[1.967s] [01m[K/usr/local/cuda-10.2/include/channel_descriptor.h:397:1:[m[K [01;31m[Kerror: [m[Ktemplate specialization with C linkage
[1.968s]  [01;31m[Ktemplate[m[K<> __inline__ __host__ cudaChannelFormatDesc cudaCreateChannelDesc<float4>(void)
[1.968s]  [01;31m[K^~~~~~~~[m[K
[1.969s] In file included from [01m[K/home/hansol/ros2_ws/src/darknet_ros/darknet_ros/src/YoloObjectDetector.cpp:2:0[m[K:
[1.970s] [01m[K/usr/local/cuda-10.2/include/cuda_runtime.h:199:1:[m[K [01;31m[Kerror: [m[Ktemplate with C linkage
[1.970s]  [01;31m[Ktemplate[m[K<class T>
[1.971s]  [01;31m[K^~~~~~~~[m[K
[1.972s] [01m[K/usr/local/cuda-10.2/include/cuda_runtime.h:261:1:[m[K [01;31m[Kerror: [m[Ktemplate with C linkage
[1.973s]  [01;31m[Ktemplate[m[K<class T>
[1.973s]  [01;31m[K^~~~~~~~[m[K
[1.974s] [01m[K/usr/local/cuda-10.2/include/cuda_runtime.h:[m[K In function â€˜[01m[KcudaError_t cudaEventCreate(CUevent_st**, unsigned int)[m[Kâ€™:
[1.975s] [01m[K/usr/local/cuda-10.2/include/cuda_runtime.h:305:40:[m[K [01;31m[Kerror: [m[Kconflicting declaration of C function â€˜[01m[KcudaError_t cudaEventCreate(CUevent_st**, unsigned int)[m[Kâ€™
[1.976s]  tatic __inline__ __host__ cudaError_t [01;31m[KcudaEventCreate[m[K(
[1.976s]                                        [01;31m[K^~~~~~~~~~~~~~~[m[K
[1.977s] In file included from [01m[K/usr/local/cuda-10.2/include/channel_descriptor.h:61:0[m[K,
[1.978s]                  from [01m[K/usr/local/cuda-10.2/include/cuda_runtime.h:95[m[K,
[1.978s]                  from [01m[K/home/hansol/ros2_ws/src/darknet_ros/darknet_ros/src/YoloObjectDetector.cpp:2[m[K:
[1.979s] [01m[K/usr/local/cuda-10.2/include/cuda_runtime_api.h:2714:39:[m[K [01;36m[Knote: [m[Kprevious declaration â€˜[01m[KcudaError_t cudaEventCreate(CUevent_st**)[m[Kâ€™
[1.979s]  extern __host__ cudaError_t CUDARTAPI [01;36m[KcudaEventCreate[m[K(cudaEvent_t *event);
[1.980s]                                        [01;36m[K^~~~~~~~~~~~~~~[m[K
[1.981s] In file included from [01m[K/home/hansol/ros2_ws/src/darknet_ros/darknet_ros/src/YoloObjectDetector.cpp:2:0[m[K:
[1.981s] [01m[K/usr/local/cuda-10.2/include/cuda_runtime.h:[m[K In function â€˜[01m[KcudaError_t cudaMallocHost(void**, size_t, unsigned int)[m[Kâ€™:
[1.982s] [01m[K/usr/local/cuda-10.2/include/cuda_runtime.h:370:40:[m[K [01;31m[Kerror: [m[Kconflicting declaration of C function â€˜[01m[KcudaError_t cudaMallocHost(void**, size_t, unsigned int)[m[Kâ€™
[1.982s]  tatic __inline__ __host__ cudaError_t [01;31m[KcudaMallocHost[m[K(
[1.983s]                                        [01;31m[K^~~~~~~~~~~~~~[m[K
[1.984s] In file included from [01m[K/usr/local/cuda-10.2/include/channel_descriptor.h:61:0[m[K,
[1.984s]                  from [01m[K/usr/local/cuda-10.2/include/cuda_runtime.h:95[m[K,
[1.985s]                  from [01m[K/home/hansol/ros2_ws/src/darknet_ros/darknet_ros/src/YoloObjectDetector.cpp:2[m[K:
[1.985s] [01m[K/usr/local/cuda-10.2/include/cuda_runtime_api.h:4322:39:[m[K [01;36m[Knote: [m[Kprevious declaration â€˜[01m[KcudaError_t cudaMallocHost(void**, size_t)[m[Kâ€™
[1.986s]  extern __host__ cudaError_t CUDARTAPI [01;36m[KcudaMallocHost[m[K(void **ptr, size_t size);
[1.987s]                                        [01;36m[K^~~~~~~~~~~~~~[m[K
[1.987s] In file included from [01m[K/home/hansol/ros2_ws/src/darknet_ros/darknet_ros/src/YoloObjectDetector.cpp:2:0[m[K:
[1.988s] [01m[K/usr/local/cuda-10.2/include/cuda_runtime.h:[m[K At global scope:
[1.989s] [01m[K/usr/local/cuda-10.2/include/cuda_runtime.h:379:1:[m[K [01;31m[Kerror: [m[Ktemplate with C linkage
[1.989s]  [01;31m[Ktemplate[m[K<class T>
[1.990s]  [01;31m[K^~~~~~~~[m[K
[1.991s] [01m[K/usr/local/cuda-10.2/include/cuda_runtime.h:389:1:[m[K [01;31m[Kerror: [m[Ktemplate with C linkage
[1.992s]  [01;31m[Ktemplate[m[K<class T>
[1.992s]  [01;31m[K^~~~~~~~[m[K
[1.993s] [01m[K/usr/local/cuda-10.2/include/cuda_runtime.h:499:1:[m[K [01;31m[Kerror: [m[Ktemplate with C linkage
[1.993s]  [01;31m[Ktemplate[m[K<class T>
[1.994s]  [01;31m[K^~~~~~~~[m[K
[1.995s] [01m[K/usr/local/cuda-10.2/include/cuda_runtime.h:589:1:[m[K [01;31m[Kerror: [m[Ktemplate with C linkage
[1.996s]  [01;31m[Ktemplate[m[K<class T>
[1.997s]  [01;31m[K^~~~~~~~[m[K
[1.997s] [01m[K/usr/local/cuda-10.2/include/cuda_runtime.h:600:1:[m[K [01;31m[Kerror: [m[Ktemplate with C linkage
[1.998s]  [01;31m[Ktemplate[m[K<class T>
[1.998s]  [01;31m[K^~~~~~~~[m[K
[1.999s] [01m[K/usr/local/cuda-10.2/include/cuda_runtime.h:609:1:[m[K [01;31m[Kerror: [m[Ktemplate with C linkage
[2.000s]  [01;31m[Ktemplate[m[K<class T>
[2.001s]  [01;31m[K^~~~~~~~[m[K
[2.001s] [01m[K/usr/local/cuda-10.2/include/cuda_runtime.h:619:1:[m[K [01;31m[Kerror: [m[Ktemplate with C linkage
[2.002s]  [01;31m[Ktemplate[m[K<class T>
[2.002s]  [01;31m[K^~~~~~~~[m[K
[2.232s] In file included from [01m[K/usr/include/c++/7/utility:69:0[m[K,
[2.234s]                  from [01m[K/usr/local/cuda-10.2/include/cuda_fp16.hpp:57[m[K,
[2.236s]                  from [01m[K/usr/local/cuda-10.2/include/cuda_fp16.h:3050[m[K,
[2.237s]                  from [01m[K/usr/local/cuda-10.2/include/cublas_api.h:75[m[K,
[2.239s]                  from [01m[K/usr/local/cuda-10.2/include/cublas_v2.h:65[m[K,
[2.242s]                  from [01m[K/home/hansol/ros2_ws/src/darknet_ros/darknet_ros/src/YoloObjectDetector.cpp:4[m[K:
[2.244s] [01m[K/usr/include/c++/7/bits/stl_relops.h:85:5:[m[K [01;31m[Kerror: [m[Ktemplate with C linkage
[2.245s]      [01;31m[Ktemplate[m[K <class _Tp>
[2.246s]      [01;31m[K^~~~~~~~[m[K
[2.246s] [01m[K/usr/include/c++/7/bits/stl_relops.h:98:5:[m[K [01;31m[Kerror: [m[Ktemplate with C linkage
[2.247s]      [01;31m[Ktemplate[m[K <class _Tp>
[2.248s]      [01;31m[K^~~~~~~~[m[K
[2.248s] [01m[K/usr/include/c++/7/bits/stl_relops.h:111:5:[m[K [01;31m[Kerror: [m[Ktemplate with C linkage
[2.249s]      [01;31m[Ktemplate[m[K <class _Tp>
[2.249s]      [01;31m[K^~~~~~~~[m[K
[2.250s] [01m[K/usr/include/c++/7/bits/stl_relops.h:124:5:[m[K [01;31m[Kerror: [m[Ktemplate with C linkage
[2.250s]      [01;31m[Ktemplate[m[K <class _Tp>
[2.251s]      [01;31m[K^~~~~~~~[m[K
[2.252s] In file included from [01m[K/usr/include/c++/7/utility:76:0[m[K,
[2.252s]                  from [01m[K/usr/local/cuda-10.2/include/cuda_fp16.hpp:57[m[K,
[2.253s]                  from [01m[K/usr/local/cuda-10.2/include/cuda_fp16.h:3050[m[K,
[2.254s]                  from [01m[K/usr/local/cuda-10.2/include/cublas_api.h:75[m[K,
[2.254s]                  from [01m[K/usr/local/cuda-10.2/include/cublas_v2.h:65[m[K,
[2.255s]                  from [01m[K/home/hansol/ros2_ws/src/darknet_ros/darknet_ros/src/YoloObjectDetector.cpp:4[m[K:
[2.256s] [01m[K/usr/include/c++/7/initializer_list:46:3:[m[K [01;31m[Kerror: [m[Ktemplate with C linkage
[2.256s]    [01;31m[Ktemplate[m[K<class _E>
[2.257s]    [01;31m[K^~~~~~~~[m[K
[2.258s] [01m[K/usr/include/c++/7/initializer_list:87:3:[m[K [01;31m[Kerror: [m[Ktemplate with C linkage
[2.259s]    [01;31m[Ktemplate[m[K<class _Tp>
[2.259s]    [01;31m[K^~~~~~~~[m[K
[2.260s] [01m[K/usr/include/c++/7/initializer_list:97:3:[m[K [01;31m[Kerror: [m[Ktemplate with C linkage
[2.261s]    [01;31m[Ktemplate[m[K<class _Tp>
[2.261s]    [01;31m[K^~~~~~~~[m[K
[2.262s] In file included from [01m[K/usr/local/cuda-10.2/include/cuda_fp16.hpp:57:0[m[K,
[2.263s]                  from [01m[K/usr/local/cuda-10.2/include/cuda_fp16.h:3050[m[K,
[2.263s]                  from [01m[K/usr/local/cuda-10.2/include/cublas_api.h:75[m[K,
[2.264s]                  from [01m[K/usr/local/cuda-10.2/include/cublas_v2.h:65[m[K,
[2.265s]                  from [01m[K/home/hansol/ros2_ws/src/darknet_ros/darknet_ros/src/YoloObjectDetector.cpp:4[m[K:
[2.265s] [01m[K/usr/include/c++/7/utility:83:3:[m[K [01;31m[Kerror: [m[Ktemplate with C linkage
[2.266s]    [01;31m[Ktemplate[m[K<typename _Tp>
[2.266s]    [01;31m[K^~~~~~~~[m[K
[2.267s] [01m[K/usr/include/c++/7/utility:108:3:[m[K [01;31m[Kerror: [m[Ktemplate with C linkage
[2.267s]    [01;31m[Ktemplate[m[K<typename _Tp,
[2.268s]    [01;31m[K^~~~~~~~[m[K
[2.269s] [01m[K/usr/include/c++/7/utility:114:3:[m[K [01;31m[Kerror: [m[Ktemplate with C linkage
[2.269s]    [01;31m[Ktemplate[m[K<typename _Tp>
[2.270s]    [01;31m[K^~~~~~~~[m[K
[2.270s] [01m[K/usr/include/c++/7/utility:118:3:[m[K [01;31m[Kerror: [m[Ktemplate with C linkage
[2.271s]    [01;31m[Ktemplate[m[K<typename _Tp>
[2.271s]    [01;31m[K^~~~~~~~[m[K
[2.272s] [01m[K/usr/include/c++/7/utility:122:3:[m[K [01;31m[Kerror: [m[Ktemplate with C linkage
[2.272s]    [01;31m[Ktemplate[m[K<typename _Tp>
[2.273s]    [01;31m[K^~~~~~~~[m[K
[2.274s] [01m[K/usr/include/c++/7/utility:128:3:[m[K [01;31m[Kerror: [m[Ktemplate with C linkage
[2.274s]    [01;31m[Ktemplate[m[K<std::size_t __i, typename _Tp>
[2.275s]    [01;31m[K^~~~~~~~[m[K
[2.276s] [01m[K/usr/include/c++/7/utility:132:3:[m[K [01;31m[Kerror: [m[Ktemplate with C linkage
[2.277s]    [01;31m[Ktemplate[m[K<std::size_t __i, typename _Tp>
[2.278s]    [01;31m[K^~~~~~~~[m[K
[2.278s] [01m[K/usr/include/c++/7/utility:135:3:[m[K [01;31m[Kerror: [m[Ktemplate with C linkage
[2.279s]    [01;31m[Ktemplate[m[K<std::size_t __i, typename _Tp>
[2.280s]    [01;31m[K^~~~~~~~[m[K
[2.280s] [01m[K/usr/include/c++/7/utility:141:3:[m[K [01;31m[Kerror: [m[Ktemplate with C linkage
[2.281s]    [01;31m[Ktemplate[m[K<std::size_t __i, typename _Tp>
[2.281s]    [01;31m[K^~~~~~~~[m[K
[2.282s] [01m[K/usr/include/c++/7/utility:147:3:[m[K [01;31m[Kerror: [m[Ktemplate with C linkage
[2.283s]    [01;31m[Ktemplate[m[K<std::size_t __i, typename _Tp>
[2.283s]    [01;31m[K^~~~~~~~[m[K
[2.284s] [01m[K/usr/include/c++/7/utility:156:3:[m[K [01;31m[Kerror: [m[Ktemplate with C linkage
[2.285s]    [01;31m[Ktemplate[m[K<std::size_t __i, typename _Tp>
[2.285s]    [01;31m[K^~~~~~~~[m[K
[2.286s] [01m[K/usr/include/c++/7/utility:163:3:[m[K [01;31m[Kerror: [m[Ktemplate with C linkage
[2.286s]    [01;31m[Ktemplate[m[K<typename _T1, typename _T2>
[2.287s]    [01;31m[K^~~~~~~~[m[K
[2.287s] [01m[K/usr/include/c++/7/utility:168:3:[m[K [01;31m[Kerror: [m[Ktemplate with C linkage
[2.288s]    [01;31m[Ktemplate[m[K<class _Tp1, class _Tp2>
[2.289s]    [01;31m[K^~~~~~~~[m[K
[2.289s] [01m[K/usr/include/c++/7/utility:173:3:[m[K [01;31m[Kerror: [m[Ktemplate with C linkage
[2.290s]    [01;31m[Ktemplate[m[K<class _Tp1, class _Tp2>
[2.290s]    [01;31m[K^~~~~~~~[m[K
[2.291s] [01m[K/usr/include/c++/7/utility:178:3:[m[K [01;31m[Kerror: [m[Ktemplate with C linkage
[2.292s]    [01;31m[Ktemplate[m[K<class _Tp1, class _Tp2>
[2.293s]    [01;31m[K^~~~~~~~[m[K
[2.293s] [01m[K/usr/include/c++/7/utility:182:3:[m[K [01;31m[Kerror: [m[Ktemplate with C linkage
[2.294s]    [01;31m[Ktemplate[m[K<std::size_t _Int>
[2.295s]    [01;31m[K^~~~~~~~[m[K
[2.295s] [01m[K/usr/include/c++/7/utility:185:3:[m[K [01;31m[Kerror: [m[Ktemplate specialization with C linkage
[2.296s]    [01;31m[Ktemplate[m[K<>
[2.298s]    [01;31m[K^~~~~~~~[m[K
[2.298s] [01m[K/usr/include/c++/7/utility:204:3:[m[K [01;31m[Kerror: [m[Ktemplate specialization with C linkage
[2.299s]    [01;31m[Ktemplate[m[K<>
[2.300s]    [01;31m[K^~~~~~~~[m[K
[2.300s] [01m[K/usr/include/c++/7/utility:223:3:[m[K [01;31m[Kerror: [m[Ktemplate with C linkage
[2.301s]    [01;31m[Ktemplate[m[K<std::size_t _Int, class _Tp1, class _Tp2>
[2.301s]    [01;31m[K^~~~~~~~[m[K
[2.302s] [01m[K/usr/include/c++/7/utility:228:3:[m[K [01;31m[Kerror: [m[Ktemplate with C linkage
[2.303s]    [01;31m[Ktemplate[m[K<std::size_t _Int, class _Tp1, class _Tp2>
[2.303s]    [01;31m[K^~~~~~~~[m[K
[2.304s] [01m[K/usr/include/c++/7/utility:233:3:[m[K [01;31m[Kerror: [m[Ktemplate with C linkage
[2.305s]    [01;31m[Ktemplate[m[K<std::size_t _Int, class _Tp1, class _Tp2>
[2.305s]    [01;31m[K^~~~~~~~[m[K
[2.306s] [01m[K/usr/include/c++/7/utility:242:3:[m[K [01;31m[Kerror: [m[Ktemplate with C linkage
[2.306s]    [01;31m[Ktemplate[m[K <typename _Tp, typename _Up>
[2.307s]    [01;31m[K^~~~~~~~[m[K
[2.308s] [01m[K/usr/include/c++/7/utility:247:3:[m[K [01;31m[Kerror: [m[Ktemplate with C linkage
[2.309s]    [01;31m[Ktemplate[m[K <typename _Tp, typename _Up>
[2.309s]    [01;31m[K^~~~~~~~[m[K
[2.310s] [01m[K/usr/include/c++/7/utility:252:3:[m[K [01;31m[Kerror: [m[Ktemplate with C linkage
[2.311s]    [01;31m[Ktemplate[m[K <typename _Tp, typename _Up>
[2.311s]    [01;31m[K^~~~~~~~[m[K
[2.312s] [01m[K/usr/include/c++/7/utility:257:3:[m[K [01;31m[Kerror: [m[Ktemplate with C linkage
[2.313s]    [01;31m[Ktemplate[m[K <typename _Tp, typename _Up>
[2.313s]    [01;31m[K^~~~~~~~[m[K
[2.314s] [01m[K/usr/include/c++/7/utility:262:3:[m[K [01;31m[Kerror: [m[Ktemplate with C linkage
[2.314s]    [01;31m[Ktemplate[m[K <typename _Tp, typename _Up>
[2.315s]    [01;31m[K^~~~~~~~[m[K
[2.315s] [01m[K/usr/include/c++/7/utility:267:3:[m[K [01;31m[Kerror: [m[Ktemplate with C linkage
[2.316s]    [01;31m[Ktemplate[m[K <typename _Tp, typename _Up>
[2.317s]    [01;31m[K^~~~~~~~[m[K
[2.317s] [01m[K/usr/include/c++/7/utility:275:3:[m[K [01;31m[Kerror: [m[Ktemplate with C linkage
[2.318s]    [01;31m[Ktemplate[m[K <typename _Tp, typename _Up = _Tp>
[2.318s]    [01;31m[K^~~~~~~~[m[K
[2.319s] [01m[K/usr/include/c++/7/utility:283:3:[m[K [01;31m[Kerror: [m[Ktemplate with C linkage
[2.319s]    [01;31m[Ktemplate[m[K<size_t... _Indexes> struct _Index_tuple { };
[2.320s]    [01;31m[K^~~~~~~~[m[K
[2.321s] [01m[K/usr/include/c++/7/utility:286:3:[m[K [01;31m[Kerror: [m[Ktemplate with C linkage
[2.321s]    [01;31m[Ktemplate[m[K<typename _Itup1, typename _Itup2> struct _Itup_cat;
[2.322s]    [01;31m[K^~~~~~~~[m[K
[2.322s] [01m[K/usr/include/c++/7/utility:288:3:[m[K [01;31m[Kerror: [m[Ktemplate with C linkage
[2.323s]    [01;31m[Ktemplate[m[K<size_t... _Ind1, size_t... _Ind2>
[2.323s]    [01;31m[K^~~~~~~~[m[K
[2.324s] [01m[K/usr/include/c++/7/utility:295:3:[m[K [01;31m[Kerror: [m[Ktemplate with C linkage
[2.325s]    [01;31m[Ktemplate[m[K<size_t _Num>
[2.326s]    [01;31m[K^~~~~~~~[m[K
[2.327s] [01m[K/usr/include/c++/7/utility:301:3:[m[K [01;31m[Kerror: [m[Ktemplate specialization with C linkage
[2.328s]    [01;31m[Ktemplate[m[K<>
[2.328s]    [01;31m[K^~~~~~~~[m[K
[2.329s] [01m[K/usr/include/c++/7/utility:307:3:[m[K [01;31m[Kerror: [m[Ktemplate specialization with C linkage
[2.330s]    [01;31m[Ktemplate[m[K<>
[2.330s]    [01;31m[K^~~~~~~~[m[K
[2.331s] [01m[K/usr/include/c++/7/utility:318:3:[m[K [01;31m[Kerror: [m[Ktemplate with C linkage
[2.331s]    [01;31m[Ktemplate[m[K<typename _Tp, _Tp... _Idx>
[2.332s]    [01;31m[K^~~~~~~~[m[K
[2.332s] [01m[K/usr/include/c++/7/utility:325:3:[m[K [01;31m[Kerror: [m[Ktemplate with C linkage
[2.333s]    [01;31m[Ktemplate[m[K<typename _Tp, _Tp _Num,
[2.333s]    [01;31m[K^~~~~~~~[m[K
[2.334s] [01m[K/usr/include/c++/7/utility:329:3:[m[K [01;31m[Kerror: [m[Ktemplate with C linkage
[2.335s]    [01;31m[Ktemplate[m[K<typename _Tp, _Tp _Num,  size_t... _Idx>
[2.335s]    [01;31m[K^~~~~~~~[m[K
[2.336s] [01m[K/usr/include/c++/7/utility:339:3:[m[K [01;31m[Kerror: [m[Ktemplate with C linkage
[2.336s]    [01;31m[Ktemplate[m[K<typename _Tp, _Tp _Num>
[2.337s]    [01;31m[K^~~~~~~~[m[K
[2.337s] [01m[K/usr/include/c++/7/utility:344:3:[m[K [01;31m[Kerror: [m[Ktemplate with C linkage
[2.338s]    [01;31m[Ktemplate[m[K<size_t... _Idx>
[2.338s]    [01;31m[K^~~~~~~~[m[K
[2.339s] [01m[K/usr/include/c++/7/utility:348:3:[m[K [01;31m[Kerror: [m[Ktemplate with C linkage
[2.340s]    [01;31m[Ktemplate[m[K<size_t _Num>
[2.340s]    [01;31m[K^~~~~~~~[m[K
[2.341s] [01m[K/usr/include/c++/7/utility:352:3:[m[K [01;31m[Kerror: [m[Ktemplate with C linkage
[2.341s]    [01;31m[Ktemplate[m[K<typename... _Types>
[2.342s]    [01;31m[K^~~~~~~~[m[K
[2.343s] [01m[K/usr/include/c++/7/utility:364:3:[m[K [01;31m[Kerror: [m[Ktemplate with C linkage
[2.344s]    [01;31m[Ktemplate[m[K<typename _Tp> struct in_place_type_t
[2.344s]    [01;31m[K^~~~~~~~[m[K
[2.345s] [01m[K/usr/include/c++/7/utility:369:3:[m[K [01;31m[Kerror: [m[Ktemplate with C linkage
[2.346s]    [01;31m[Ktemplate[m[K<typename _Tp>
[2.346s]    [01;31m[K^~~~~~~~[m[K
[2.347s] [01m[K/usr/include/c++/7/utility:372:3:[m[K [01;31m[Kerror: [m[Ktemplate with C linkage
[2.348s]    [01;31m[Ktemplate[m[K<size_t _Idx> struct in_place_index_t
[2.348s]    [01;31m[K^~~~~~~~[m[K
[2.349s] [01m[K/usr/include/c++/7/utility:377:3:[m[K [01;31m[Kerror: [m[Ktemplate with C linkage
[2.350s]    [01;31m[Ktemplate[m[K<size_t _Idx>
[2.350s]    [01;31m[K^~~~~~~~[m[K
[2.351s] [01m[K/usr/include/c++/7/utility:380:3:[m[K [01;31m[Kerror: [m[Ktemplate with C linkage
[2.351s]    [01;31m[Ktemplate[m[K<typename>
[2.352s]    [01;31m[K^~~~~~~~[m[K
[2.353s] [01m[K/usr/include/c++/7/utility:384:3:[m[K [01;31m[Kerror: [m[Ktemplate with C linkage
[2.353s]    [01;31m[Ktemplate[m[K<typename _Tp>
[2.354s]    [01;31m[K^~~~~~~~[m[K
[2.354s] [01m[K/usr/include/c++/7/utility:388:3:[m[K [01;31m[Kerror: [m[Ktemplate with C linkage
[2.355s]    [01;31m[Ktemplate[m[K<typename _Tp>
[2.355s]    [01;31m[K^~~~~~~~[m[K
[2.356s] [01m[K/usr/include/c++/7/utility:394:3:[m[K [01;31m[Kerror: [m[Ktemplate with C linkage
[2.356s]    [01;31m[Ktemplate[m[K<typename _Tp>
[2.357s]    [01;31m[K^~~~~~~~[m[K
[2.358s] [01m[K/usr/include/c++/7/utility:397:3:[m[K [01;31m[Kerror: [m[Ktemplate with C linkage
[2.358s]    [01;31m[Ktemplate[m[K<typename _Tp>
[2.359s]    [01;31m[K^~~~~~~~[m[K
[14.003s] [01m[K/home/hansol/ros2_ws/src/darknet_ros/darknet_ros/src/YoloObjectDetector.cpp:[m[K In member function â€˜[01m[Kvoid* darknet_ros::YoloObjectDetector::detectInThread()[m[Kâ€™:
[14.004s] [01m[K/home/hansol/ros2_ws/src/darknet_ros/darknet_ros/src/YoloObjectDetector.cpp:391:43:[m[K [01;31m[Kerror: [m[Kcould not convert â€˜[01m[K((darknet_ros::YoloObjectDetector*)this)->darknet_ros::YoloObjectDetector::net_[m[Kâ€™ from â€˜[01m[Knetwork*[m[Kâ€™ to â€˜[01m[Knetwork[m[Kâ€™
[14.005s]  float *prediction = network_predict_gpu([01;31m[Knet_[m[K, X);
[14.006s]                                          [01;31m[K^~~~[m[K
[14.007s] [01m[K/home/hansol/ros2_ws/src/darknet_ros/darknet_ros/src/YoloObjectDetector.cpp:[m[K At global scope:
[14.008s] [01m[K/home/hansol/ros2_ws/src/darknet_ros/darknet_ros/src/YoloObjectDetector.cpp:460:3:[m[K [01;31m[Kerror: [m[Kexpected unqualified-id before â€˜[01m[Kif[m[Kâ€™
[14.009s]    [01;31m[Kif[m[K (count == 0) {
[14.009s]    [01;31m[K^~[m[K
[14.010s] [01m[K/home/hansol/ros2_ws/src/darknet_ros/darknet_ros/src/YoloObjectDetector.cpp:462:5:[m[K [01;31m[Kerror: [m[Kexpected unqualified-id before â€˜[01m[Kelse[m[Kâ€™
[14.010s]    } [01;31m[Kelse[m[K {
[14.011s]      [01;31m[K^~~~[m[K
[14.012s] [01m[K/home/hansol/ros2_ws/src/darknet_ros/darknet_ros/src/YoloObjectDetector.cpp:466:18:[m[K [01;31m[Kerror: [m[Kexpected constructor, destructor, or type conversion before â€˜[01m[K([m[Kâ€™ token
[14.013s]    free_detections[01;31m[K([m[Kdets, nboxes);
[14.013s]                   [01;31m[K^[m[K
[14.026s] [01m[K/home/hansol/ros2_ws/src/darknet_ros/darknet_ros/src/YoloObjectDetector.cpp:467:3:[m[K [01;31m[Kerror: [m[Kâ€˜[01m[KdemoIndex_[m[Kâ€™ does not name a type; did you mean â€˜[01m[Kremainderl[m[Kâ€™?
[14.027s]    [01;31m[KdemoIndex_[m[K = (demoIndex_ + 1) % demoFrame_;
[14.028s]    [01;31m[K^~~~~~~~~~[m[K
[14.029s]    [32m[Kremainderl[m[K
[14.042s] [01m[K/home/hansol/ros2_ws/src/darknet_ros/darknet_ros/src/YoloObjectDetector.cpp:468:3:[m[K [01;31m[Kerror: [m[Kâ€˜[01m[Krunning_[m[Kâ€™ does not name a type
[14.043s]    [01;31m[Krunning_[m[K = 0;
[14.044s]    [01;31m[K^~~~~~~~[m[K
[14.044s] [01m[K/home/hansol/ros2_ws/src/darknet_ros/darknet_ros/src/YoloObjectDetector.cpp:469:3:[m[K [01;31m[Kerror: [m[Kexpected unqualified-id before â€˜[01m[Kreturn[m[Kâ€™
[14.045s]    [01;31m[Kreturn[m[K 0;
[14.046s]    [01;31m[K^~~~~~[m[K
[14.046s] [01m[K/home/hansol/ros2_ws/src/darknet_ros/darknet_ros/src/YoloObjectDetector.cpp:472:7:[m[K [01;31m[Kerror: [m[Kâ€˜[01m[KYoloObjectDetector[m[Kâ€™ has not been declared
[14.048s]  void* [01;31m[KYoloObjectDetector[m[K::fetchInThread() {
[14.048s]        [01;31m[K^~~~~~~~~~~~~~~~~~[m[K
[14.049s] [01m[K/home/hansol/ros2_ws/src/darknet_ros/darknet_ros/src/YoloObjectDetector.cpp:[m[K In function â€˜[01m[Kvoid* fetchInThread()[m[Kâ€™:
[14.050s] [01m[K/home/hansol/ros2_ws/src/darknet_ros/darknet_ros/src/YoloObjectDetector.cpp:474:46:[m[K [01;31m[Kerror: [m[Kâ€˜[01m[KmutexImageCallback_[m[Kâ€™ was not declared in this scope
[14.050s]  ::shared_lock<std::shared_mutex> lock([01;31m[KmutexImageCallback_[m[K);
[14.051s]                                        [01;31m[K^~~~~~~~~~~~~~~~~~~[m[K
[14.078s] [01m[K/home/hansol/ros2_ws/src/darknet_ros/darknet_ros/src/YoloObjectDetector.cpp:474:46:[m[K [01;36m[Knote: [m[Ksuggested alternative: â€˜[01m[KcvSetMouseCallback[m[Kâ€™
[14.080s]  ::shared_lock<std::shared_mutex> lock([01;36m[KmutexImageCallback_[m[K);
[14.081s]                                        [01;36m[K^~~~~~~~~~~~~~~~~~~[m[K
[14.082s]                                               [32m[KcvSetMouseCallback[m[K
[14.083s] [01m[K/home/hansol/ros2_ws/src/darknet_ros/darknet_ros/src/YoloObjectDetector.cpp:475:5:[m[K [01;31m[Kerror: [m[Kâ€˜[01m[KCvMatWithHeader_[m[Kâ€™ was not declared in this scope
[14.084s]      [01;31m[KCvMatWithHeader_[m[K imageAndHeader = getCvMatWithHeader();
[14.085s]      [01;31m[K^~~~~~~~~~~~~~~~[m[K
[14.086s] [01m[K/home/hansol/ros2_ws/src/darknet_ros/darknet_ros/src/YoloObjectDetector.cpp:475:5:[m[K [01;36m[Knote: [m[Ksuggested alternative:
[14.088s] In file included from [01m[K/home/hansol/ros2_ws/src/darknet_ros/darknet_ros/src/YoloObjectDetector.cpp:11:0[m[K:
[14.089s] [01m[K/home/hansol/ros2_ws/src/darknet_ros/darknet_ros/include/darknet_ros/YoloObjectDetector.hpp:95:3:[m[K [01;36m[Knote: [m[K  â€˜[01m[Kdarknet_ros::CvMatWithHeader_[m[Kâ€™
[14.090s]  } [01;36m[KCvMatWithHeader_[m[K;
[14.090s]    [01;36m[K^~~~~~~~~~~~~~~~[m[K
[14.091s] [01m[K/home/hansol/ros2_ws/src/darknet_ros/darknet_ros/src/YoloObjectDetector.cpp:476:16:[m[K [01;31m[Kerror: [m[Kâ€˜[01m[Kbuff_[m[Kâ€™ was not declared in this scope
[14.092s]      free_image([01;31m[Kbuff_[m[K[buffIndex_]);
[14.093s]                 [01;31m[K^~~~~[m[K
[14.093s] [01m[K/home/hansol/ros2_ws/src/darknet_ros/darknet_ros/src/YoloObjectDetector.cpp:476:22:[m[K [01;31m[Kerror: [m[Kâ€˜[01m[KbuffIndex_[m[Kâ€™ was not declared in this scope
[14.094s]      free_image(buff_[[01;31m[KbuffIndex_[m[K]);
[14.094s]                       [01;31m[K^~~~~~~~~~[m[K
[14.109s] [01m[K/home/hansol/ros2_ws/src/darknet_ros/darknet_ros/src/YoloObjectDetector.cpp:477:38:[m[K [01;31m[Kerror: [m[Kâ€˜[01m[KimageAndHeader[m[Kâ€™ was not declared in this scope
[14.110s]      buff_[buffIndex_] = mat_to_image([01;31m[KimageAndHeader[m[K.image);
[14.110s]                                       [01;31m[K^~~~~~~~~~~~~~[m[K
[14.136s] [01m[K/home/hansol/ros2_ws/src/darknet_ros/darknet_ros/src/YoloObjectDetector.cpp:477:38:[m[K [01;36m[Knote: [m[Ksuggested alternative: â€˜[01m[KImageByteOrder[m[Kâ€™
[14.137s]      buff_[buffIndex_] = mat_to_image([01;36m[KimageAndHeader[m[K.image);
[14.138s]                                       [01;36m[K^~~~~~~~~~~~~~[m[K
[14.139s]                                       [32m[KImageByteOrder[m[K
[14.140s] [01m[K/home/hansol/ros2_ws/src/darknet_ros/darknet_ros/src/YoloObjectDetector.cpp:478:5:[m[K [01;31m[Kerror: [m[Kâ€˜[01m[KheaderBuff_[m[Kâ€™ was not declared in this scope
[14.140s]      [01;31m[KheaderBuff_[m[K[buffIndex_] = imageAndHeader.header;
[14.141s]      [01;31m[K^~~~~~~~~~~[m[K
[14.158s] [01m[K/home/hansol/ros2_ws/src/darknet_ros/darknet_ros/src/YoloObjectDetector.cpp:479:5:[m[K [01;31m[Kerror: [m[Kâ€˜[01m[KbuffId_[m[Kâ€™ was not declared in this scope
[14.159s]      [01;31m[KbuffId_[m[K[buffIndex_] = actionId_;
[14.160s]      [01;31m[K^~~~~~~[m[K
[14.172s] [01m[K/home/hansol/ros2_ws/src/darknet_ros/darknet_ros/src/YoloObjectDetector.cpp:479:27:[m[K [01;31m[Kerror: [m[Kâ€˜[01m[KactionId_[m[Kâ€™ was not declared in this scope
[14.173s]      buffId_[buffIndex_] = [01;31m[KactionId_[m[K;
[14.174s]                            [01;31m[K^~~~~~~~~[m[K
[14.188s] [01m[K/home/hansol/ros2_ws/src/darknet_ros/darknet_ros/src/YoloObjectDetector.cpp:481:15:[m[K [01;31m[Kerror: [m[Kâ€˜[01m[Kbuff_[m[Kâ€™ was not declared in this scope
[14.189s]    rgbgr_image([01;31m[Kbuff_[m[K[buffIndex_]);
[14.190s]                [01;31m[K^~~~~[m[K
[14.199s] [01m[K/home/hansol/ros2_ws/src/darknet_ros/darknet_ros/src/YoloObjectDetector.cpp:481:21:[m[K [01;31m[Kerror: [m[Kâ€˜[01m[KbuffIndex_[m[Kâ€™ was not declared in this scope
[14.200s]    rgbgr_image(buff_[[01;31m[KbuffIndex_[m[K]);
[14.201s]                      [01;31m[K^~~~~~~~~~[m[K
[14.218s] [01m[K/home/hansol/ros2_ws/src/darknet_ros/darknet_ros/src/YoloObjectDetector.cpp:482:43:[m[K [01;31m[Kerror: [m[Kâ€˜[01m[Knet_[m[Kâ€™ was not declared in this scope
[14.220s]  tterbox_image_into(buff_[buffIndex_], [01;31m[Knet_[m[K->w, net_->h, buffLetter_[buffIndex_]);
[14.221s]                                        [01;31m[K^~~~[m[K
[14.228s] [01m[K/home/hansol/ros2_ws/src/darknet_ros/darknet_ros/src/YoloObjectDetector.cpp:482:43:[m[K [01;36m[Knote: [m[Ksuggested alternative: â€˜[01m[Kgetw[m[Kâ€™
[14.229s]  tterbox_image_into(buff_[buffIndex_], [01;36m[Knet_[m[K->w, net_->h, buffLetter_[buffIndex_]);
[14.230s]                                        [01;36m[K^~~~[m[K
[14.230s]                                            [32m[Kgetw[m[K
[14.231s] [01m[K/home/hansol/ros2_ws/src/darknet_ros/darknet_ros/src/YoloObjectDetector.cpp:482:61:[m[K [01;31m[Kerror: [m[Kâ€˜[01m[KbuffLetter_[m[Kâ€™ was not declared in this scope
[14.232s]  (buff_[buffIndex_], net_->w, net_->h, [01;31m[KbuffLetter_[m[K[buffIndex_]);
[14.232s]                                        [01;31m[K^~~~~~~~~~~[m[K
[14.250s] [01m[K/home/hansol/ros2_ws/src/darknet_ros/darknet_ros/src/YoloObjectDetector.cpp:[m[K At global scope:
[14.251s] [01m[K/home/hansol/ros2_ws/src/darknet_ros/darknet_ros/src/YoloObjectDetector.cpp:495:7:[m[K [01;31m[Kerror: [m[Kâ€˜[01m[KYoloObjectDetector[m[Kâ€™ has not been declared
[14.252s]  void* [01;31m[KYoloObjectDetector[m[K::displayInThread(void* ptr) {
[14.254s]        [01;31m[K^~~~~~~~~~~~~~~~~~[m[K
[14.255s] [01m[K/home/hansol/ros2_ws/src/darknet_ros/darknet_ros/src/YoloObjectDetector.cpp:[m[K In function â€˜[01m[Kvoid* displayInThread(void*)[m[Kâ€™:
[14.256s] [01m[K/home/hansol/ros2_ws/src/darknet_ros/darknet_ros/src/YoloObjectDetector.cpp:496:17:[m[K [01;31m[Kerror: [m[Kâ€˜[01m[Kbuff_[m[Kâ€™ was not declared in this scope
[14.257s]    show_image_cv([01;31m[Kbuff_[m[K[(buffIndex_ + 1) % 3], windowName_.c_str());
[14.258s]                  [01;31m[K^~~~~[m[K
[14.262s] [01m[K/home/hansol/ros2_ws/src/darknet_ros/darknet_ros/src/YoloObjectDetector.cpp:496:24:[m[K [01;31m[Kerror: [m[Kâ€˜[01m[KbuffIndex_[m[Kâ€™ was not declared in this scope
[14.263s]    show_image_cv(buff_[([01;31m[KbuffIndex_[m[K + 1) % 3], windowName_.c_str());
[14.263s]                         [01;31m[K^~~~~~~~~~[m[K
[14.281s] [01m[K/home/hansol/ros2_ws/src/darknet_ros/darknet_ros/src/YoloObjectDetector.cpp:496:46:[m[K [01;31m[Kerror: [m[Kâ€˜[01m[KwindowName_[m[Kâ€™ was not declared in this scope
[14.282s]  image_cv(buff_[(buffIndex_ + 1) % 3], [01;31m[KwindowName_[m[K.c_str());
[14.282s]                                        [01;31m[K^~~~~~~~~~~[m[K
[14.301s] [01m[K/home/hansol/ros2_ws/src/darknet_ros/darknet_ros/src/YoloObjectDetector.cpp:496:46:[m[K [01;36m[Knote: [m[Ksuggested alternative: â€˜[01m[Kwindows[m[Kâ€™
[14.303s]  image_cv(buff_[(buffIndex_ + 1) % 3], [01;36m[KwindowName_[m[K.c_str());
[14.304s]                                        [01;36m[K^~~~~~~~~~~[m[K
[14.304s]                                               [32m[Kwindows[m[K
[14.305s] In file included from [01m[K/opt/ros/dashing/include/rclcpp/service.hpp:33:0[m[K,
[14.306s]                  from [01m[K/opt/ros/dashing/include/rclcpp/callback_group.hpp:25[m[K,
[14.307s]                  from [01m[K/opt/ros/dashing/include/rclcpp/any_executable.hpp:20[m[K,
[14.307s]                  from [01m[K/opt/ros/dashing/include/rclcpp/memory_strategy.hpp:24[m[K,
[14.308s]                  from [01m[K/opt/ros/dashing/include/rclcpp/memory_strategies.hpp:18[m[K,
[14.309s]                  from [01m[K/opt/ros/dashing/include/rclcpp/executor.hpp:33[m[K,
[14.309s]                  from [01m[K/opt/ros/dashing/include/rclcpp/executors/multi_threaded_executor.hpp:24[m[K,
[14.310s]                  from [01m[K/opt/ros/dashing/include/rclcpp/executors.hpp:21[m[K,
[14.310s]                  from [01m[K/opt/ros/dashing/include/rclcpp/rclcpp.hpp:144[m[K,
[14.311s]                  from [01m[K/home/hansol/ros2_ws/src/darknet_ros/darknet_ros/include/darknet_ros/YoloObjectDetector.hpp:25[m[K,
[14.312s]                  from [01m[K/home/hansol/ros2_ws/src/darknet_ros/darknet_ros/src/YoloObjectDetector.cpp:11[m[K:
[14.312s] [01m[K/home/hansol/ros2_ws/src/darknet_ros/darknet_ros/src/YoloObjectDetector.cpp:497:16:[m[K [01;31m[Kerror: [m[Kâ€˜[01m[Kget_logger[m[Kâ€™ was not declared in this scope
[14.313s]    RCLCPP_DEBUG([01;31m[Kg[m[Ket_logger(), "Calling cv::waitKey");
[14.314s]                 [01;31m[K^[m[K
[14.314s] [01m[K/opt/ros/dashing/include/rclcpp/logging.hpp:77:86:[m[K [01;36m[Knote: [m[Kin definition of macro â€˜[01m[KRCLCPP_DEBUG[m[Kâ€™
[14.315s]  ence<typename std::remove_cv<decltype([01;36m[Klogger[m[K)>::type>::type, \
[14.316s]                                        [01;36m[K^~~~~~[m[K
[14.317s] [01m[K/home/hansol/ros2_ws/src/darknet_ros/darknet_ros/src/YoloObjectDetector.cpp:497:16:[m[K [01;36m[Knote: [m[Ksuggested alternative:
[14.317s]    RCLCPP_DEBUG([01;36m[Kg[m[Ket_logger(), "Calling cv::waitKey");
[14.318s]                 [01;36m[K^[m[K
[14.319s] [01m[K/opt/ros/dashing/include/rclcpp/logging.hpp:77:86:[m[K [01;36m[Knote: [m[Kin definition of macro â€˜[01m[KRCLCPP_DEBUG[m[Kâ€™
[14.320s]  ence<typename std::remove_cv<decltype([01;36m[Klogger[m[K)>::type>::type, \
[14.320s]                                        [01;36m[K^~~~~~[m[K
[14.321s] In file included from [01m[K/opt/ros/dashing/include/rclcpp/logging.hpp:22:0[m[K,
[14.322s]                  from [01m[K/opt/ros/dashing/include/rclcpp/service.hpp:33[m[K,
[14.323s]                  from [01m[K/opt/ros/dashing/include/rclcpp/callback_group.hpp:25[m[K,
[14.324s]                  from [01m[K/opt/ros/dashing/include/rclcpp/any_executable.hpp:20[m[K,
[14.325s]                  from [01m[K/opt/ros/dashing/include/rclcpp/memory_strategy.hpp:24[m[K,
[14.325s]                  from [01m[K/opt/ros/dashing/include/rclcpp/memory_strategies.hpp:18[m[K,
[14.326s]                  from [01m[K/opt/ros/dashing/include/rclcpp/executor.hpp:33[m[K,
[14.327s]                  from [01m[K/opt/ros/dashing/include/rclcpp/executors/multi_threaded_executor.hpp:24[m[K,
[14.328s]                  from [01m[K/opt/ros/dashing/include/rclcpp/executors.hpp:21[m[K,
[14.329s]                  from [01m[K/opt/ros/dashing/include/rclcpp/rclcpp.hpp:144[m[K,
[14.329s]                  from [01m[K/home/hansol/ros2_ws/src/darknet_ros/darknet_ros/include/darknet_ros/YoloObjectDetector.hpp:25[m[K,
[14.330s]                  from [01m[K/home/hansol/ros2_ws/src/darknet_ros/darknet_ros/src/YoloObjectDetector.cpp:11[m[K:
[14.331s] [01m[K/opt/ros/dashing/include/rclcpp/logger.hpp:80:17:[m[K [01;36m[Knote: [m[K  â€˜[01m[Krclcpp::get_logger[m[Kâ€™
[14.331s]    friend Logger [01;36m[Krclcpp[m[K::get_logger(const std::string & name);
[14.332s]                  [01;36m[K^~~~~~[m[K
[14.333s] In file included from [01m[K/opt/ros/dashing/include/rclcpp/service.hpp:33:0[m[K,
[14.334s]                  from [01m[K/opt/ros/dashing/include/rclcpp/callback_group.hpp:25[m[K,
[14.335s]                  from [01m[K/opt/ros/dashing/include/rclcpp/any_executable.hpp:20[m[K,
[14.336s]                  from [01m[K/opt/ros/dashing/include/rclcpp/memory_strategy.hpp:24[m[K,
[14.337s]                  from [01m[K/opt/ros/dashing/include/rclcpp/memory_strategies.hpp:18[m[K,
[14.338s]                  from [01m[K/opt/ros/dashing/include/rclcpp/executor.hpp:33[m[K,
[14.338s]                  from [01m[K/opt/ros/dashing/include/rclcpp/executors/multi_threaded_executor.hpp:24[m[K,
[14.339s]                  from [01m[K/opt/ros/dashing/include/rclcpp/executors.hpp:21[m[K,
[14.340s]                  from [01m[K/opt/ros/dashing/include/rclcpp/rclcpp.hpp:144[m[K,
[14.341s]                  from [01m[K/home/hansol/ros2_ws/src/darknet_ros/darknet_ros/include/darknet_ros/YoloObjectDetector.hpp:25[m[K,
[14.342s]                  from [01m[K/home/hansol/ros2_ws/src/darknet_ros/darknet_ros/src/YoloObjectDetector.cpp:11[m[K:
[14.343s] [01m[K/opt/ros/dashing/include/rclcpp/logging.hpp:77:93:[m[K [01;31m[Kerror: [m[Ktemplate argument 1 is invalid
[14.344s]  pename std::remove_cv<decltype(logger)[01;31m[K>[m[K::type>::type, \
[14.345s]                                        [01;31m[K^[m[K
[14.346s] [01m[K/home/hansol/ros2_ws/src/darknet_ros/darknet_ros/src/YoloObjectDetector.cpp:497:3:[m[K [01;36m[Knote: [m[Kin expansion of macro â€˜[01m[KRCLCPP_DEBUG[m[Kâ€™
[14.347s]    [01;36m[KR[m[KCLCPP_DEBUG(get_logger(), "Calling cv::waitKey");
[14.347s]    [01;36m[K^[m[K
[14.349s] [01m[K/opt/ros/dashing/include/rclcpp/logging.hpp:77:100:[m[K [01;31m[Kerror: [m[Ktemplate argument 1 is invalid
[14.350s]   std::remove_cv<decltype(logger)>::type[01;31m[K>[m[K::type, \
[14.351s]                                         [01;31m[K^[m[K
[14.352s] [01m[K/home/hansol/ros2_ws/src/darknet_ros/darknet_ros/src/YoloObjectDetector.cpp:497:3:[m[K [01;36m[Knote: [m[Kin expansion of macro â€˜[01m[KRCLCPP_DEBUG[m[Kâ€™
[14.353s]    [01;36m[KR[m[KCLCPP_DEBUG(get_logger(), "Calling cv::waitKey");
[14.353s]    [01;36m[K^[m[K
[14.354s] [01m[K/opt/ros/dashing/include/rclcpp/logging.hpp:78:32:[m[K [01;31m[Kerror: [m[Ktemplate argument 1 is invalid
[14.355s]        typename ::rclcpp::Logger[01;31m[K>[m[K::value, \
[14.356s]                                 [01;31m[K^[m[K
[14.357s] [01m[K/home/hansol/ros2_ws/src/darknet_ros/darknet_ros/src/YoloObjectDetector.cpp:497:3:[m[K [01;36m[Knote: [m[Kin expansion of macro â€˜[01m[KRCLCPP_DEBUG[m[Kâ€™
[14.358s]    [01;36m[KR[m[KCLCPP_DEBUG(get_logger(), "Calling cv::waitKey");
[14.359s]    [01;36m[K^[m[K
[14.360s] [01m[K/home/hansol/ros2_ws/src/darknet_ros/darknet_ros/src/YoloObjectDetector.cpp:498:23:[m[K [01;31m[Kerror: [m[Kâ€˜[01m[KwaitKeyDelay_[m[Kâ€™ was not declared in this scope
[14.361s]    int c = cv::waitKey([01;31m[KwaitKeyDelay_[m[K);
[14.361s]                        [01;31m[K^~~~~~~~~~~~~[m[K
[14.362s] [01m[K/home/hansol/ros2_ws/src/darknet_ros/darknet_ros/src/YoloObjectDetector.cpp:501:5:[m[K [01;31m[Kerror: [m[Kâ€˜[01m[KdemoDone_[m[Kâ€™ was not declared in this scope
[14.363s]      [01;31m[KdemoDone_[m[K = 1;
[14.364s]      [01;31m[K^~~~~~~~~[m[K
[14.365s] [01m[K/home/hansol/ros2_ws/src/darknet_ros/darknet_ros/src/YoloObjectDetector.cpp:504:5:[m[K [01;31m[Kerror: [m[Kâ€˜[01m[KdemoThresh_[m[Kâ€™ was not declared in this scope
[14.366s]      [01;31m[KdemoThresh_[m[K += .02;
[14.367s]      [01;31m[K^~~~~~~~~~~[m[K
[14.368s] [01m[K/home/hansol/ros2_ws/src/darknet_ros/darknet_ros/src/YoloObjectDetector.cpp:506:5:[m[K [01;31m[Kerror: [m[Kâ€˜[01m[KdemoThresh_[m[Kâ€™ was not declared in this scope
[14.369s]      [01;31m[KdemoThresh_[m[K -= .02;
[14.370s]      [01;31m[K^~~~~~~~~~~[m[K
[14.387s] [01m[K/home/hansol/ros2_ws/src/darknet_ros/darknet_ros/src/YoloObjectDetector.cpp:509:5:[m[K [01;31m[Kerror: [m[Kâ€˜[01m[KdemoHier_[m[Kâ€™ was not declared in this scope
[14.388s]      [01;31m[KdemoHier_[m[K += .02;
[14.389s]      [01;31m[K^~~~~~~~~[m[K
[14.404s] [01m[K/home/hansol/ros2_ws/src/darknet_ros/darknet_ros/src/YoloObjectDetector.cpp:511:5:[m[K [01;31m[Kerror: [m[Kâ€˜[01m[KdemoHier_[m[Kâ€™ was not declared in this scope
[14.405s]      [01;31m[KdemoHier_[m[K -= .02;
[14.406s]      [01;31m[K^~~~~~~~~[m[K
[14.423s] [01m[K/home/hansol/ros2_ws/src/darknet_ros/darknet_ros/src/YoloObjectDetector.cpp:[m[K At global scope:
[14.424s] [01m[K/home/hansol/ros2_ws/src/darknet_ros/darknet_ros/src/YoloObjectDetector.cpp:518:7:[m[K [01;31m[Kerror: [m[Kâ€˜[01m[KYoloObjectDetector[m[Kâ€™ has not been declared
[14.425s]  void *[01;31m[KYoloObjectDetector[m[K::displayLoop(void *ptr)
[14.426s]        [01;31m[K^~~~~~~~~~~~~~~~~~[m[K
[14.426s] [01m[K/home/hansol/ros2_ws/src/darknet_ros/darknet_ros/src/YoloObjectDetector.cpp:525:7:[m[K [01;31m[Kerror: [m[Kâ€˜[01m[KYoloObjectDetector[m[Kâ€™ has not been declared
[14.427s]  void *[01;31m[KYoloObjectDetector[m[K::detectLoop(void *ptr)
[14.428s]        [01;31m[K^~~~~~~~~~~~~~~~~~[m[K
[14.429s] [01m[K/home/hansol/ros2_ws/src/darknet_ros/darknet_ros/src/YoloObjectDetector.cpp:[m[K In function â€˜[01m[Kvoid* detectLoop(void*)[m[Kâ€™:
[14.430s] [01m[K/home/hansol/ros2_ws/src/darknet_ros/darknet_ros/src/YoloObjectDetector.cpp:528:5:[m[K [01;31m[Kerror: [m[Kâ€˜[01m[KdetectInThread[m[Kâ€™ was not declared in this scope
[14.431s]      [01;31m[KdetectInThread[m[K();
[14.432s]      [01;31m[K^~~~~~~~~~~~~~[m[K
[14.440s] [01m[K/home/hansol/ros2_ws/src/darknet_ros/darknet_ros/src/YoloObjectDetector.cpp:528:5:[m[K [01;36m[Knote: [m[Ksuggested alternative: â€˜[01m[KfetchInThread[m[Kâ€™
[14.442s]      [01;36m[KdetectInThread[m[K();
[14.443s]      [01;36m[K^~~~~~~~~~~~~~[m[K
[14.444s]      [32m[KfetchInThread[m[K
[14.444s] [01m[K/home/hansol/ros2_ws/src/darknet_ros/darknet_ros/src/YoloObjectDetector.cpp:[m[K At global scope:
[14.445s] [01m[K/home/hansol/ros2_ws/src/darknet_ros/darknet_ros/src/YoloObjectDetector.cpp:552:6:[m[K [01;31m[Kerror: [m[Kâ€˜[01m[KYoloObjectDetector[m[Kâ€™ has not been declared
[14.446s]  void [01;31m[KYoloObjectDetector[m[K::setupNetwork(char *cfgfile, char *weightfile, char *datafile, float thresh,
[14.446s]       [01;31m[K^~~~~~~~~~~~~~~~~~[m[K
[14.447s] [01m[K/home/hansol/ros2_ws/src/darknet_ros/darknet_ros/src/YoloObjectDetector.cpp:[m[K In function â€˜[01m[Kvoid setupNetwork(char*, char*, char*, float, char**, int, int, char*, int, float, int, int, int, int)[m[Kâ€™:
[14.448s] [01m[K/home/hansol/ros2_ws/src/darknet_ros/darknet_ros/src/YoloObjectDetector.cpp:557:3:[m[K [01;31m[Kerror: [m[Kâ€˜[01m[KdemoPrefix_[m[Kâ€™ was not declared in this scope
[14.450s]    [01;31m[KdemoPrefix_[m[K = prefix;
[14.451s]    [01;31m[K^~~~~~~~~~~[m[K
[14.460s] [01m[K/home/hansol/ros2_ws/src/darknet_ros/darknet_ros/src/YoloObjectDetector.cpp:558:3:[m[K [01;31m[Kerror: [m[Kâ€˜[01m[KdemoDelay_[m[Kâ€™ was not declared in this scope
[14.461s]    [01;31m[KdemoDelay_[m[K = delay;
[14.462s]    [01;31m[K^~~~~~~~~~[m[K
[14.478s] [01m[K/home/hansol/ros2_ws/src/darknet_ros/darknet_ros/src/YoloObjectDetector.cpp:558:3:[m[K [01;36m[Knote: [m[Ksuggested alternative: â€˜[01m[Kdelay[m[Kâ€™
[14.479s]    [01;36m[KdemoDelay_[m[K = delay;
[14.480s]    [01;36m[K^~~~~~~~~~[m[K
[14.481s]    [32m[Kdelay[m[K
[14.481s] [01m[K/home/hansol/ros2_ws/src/darknet_ros/darknet_ros/src/YoloObjectDetector.cpp:559:3:[m[K [01;31m[Kerror: [m[Kâ€˜[01m[KdemoFrame_[m[Kâ€™ was not declared in this scope
[14.482s]    [01;31m[KdemoFrame_[m[K = avg_frames;
[14.483s]    [01;31m[K^~~~~~~~~~[m[K
[14.497s] [01m[K/home/hansol/ros2_ws/src/darknet_ros/darknet_ros/src/YoloObjectDetector.cpp:561:3:[m[K [01;31m[Kerror: [m[Kâ€˜[01m[KdemoNames_[m[Kâ€™ was not declared in this scope
[14.498s]    [01;31m[KdemoNames_[m[K = names;
[14.499s]    [01;31m[K^~~~~~~~~~[m[K
[14.516s] [01m[K/home/hansol/ros2_ws/src/darknet_ros/darknet_ros/src/YoloObjectDetector.cpp:562:3:[m[K [01;31m[Kerror: [m[Kâ€˜[01m[KdemoAlphabet_[m[Kâ€™ was not declared in this scope
[14.517s]    [01;31m[KdemoAlphabet_[m[K = alphabet;
[14.518s]    [01;31m[K^~~~~~~~~~~~~[m[K
[14.538s] [01m[K/home/hansol/ros2_ws/src/darknet_ros/darknet_ros/src/YoloObjectDetector.cpp:562:3:[m[K [01;36m[Knote: [m[Ksuggested alternative: â€˜[01m[Kalphabet[m[Kâ€™
[14.539s]    [01;36m[KdemoAlphabet_[m[K = alphabet;
[14.540s]    [01;36m[K^~~~~~~~~~~~~[m[K
[14.542s]    [32m[Kalphabet[m[K
[14.543s] [01m[K/home/hansol/ros2_ws/src/darknet_ros/darknet_ros/src/YoloObjectDetector.cpp:563:3:[m[K [01;31m[Kerror: [m[Kâ€˜[01m[KdemoClasses_[m[Kâ€™ was not declared in this scope
[14.543s]    [01;31m[KdemoClasses_[m[K = classes;
[14.544s]    [01;31m[K^~~~~~~~~~~~[m[K
[14.560s] [01m[K/home/hansol/ros2_ws/src/darknet_ros/darknet_ros/src/YoloObjectDetector.cpp:563:3:[m[K [01;36m[Knote: [m[Ksuggested alternative: â€˜[01m[Kclasses[m[Kâ€™
[14.561s]    [01;36m[KdemoClasses_[m[K = classes;
[14.562s]    [01;36m[K^~~~~~~~~~~~[m[K
[14.563s]    [32m[Kclasses[m[K
[14.564s] [01m[K/home/hansol/ros2_ws/src/darknet_ros/darknet_ros/src/YoloObjectDetector.cpp:564:3:[m[K [01;31m[Kerror: [m[Kâ€˜[01m[KdemoThresh_[m[Kâ€™ was not declared in this scope
[14.565s]    [01;31m[KdemoThresh_[m[K = thresh;
[14.565s]    [01;31m[K^~~~~~~~~~~[m[K
[14.580s] [01m[K/home/hansol/ros2_ws/src/darknet_ros/darknet_ros/src/YoloObjectDetector.cpp:565:3:[m[K [01;31m[Kerror: [m[Kâ€˜[01m[KdemoHier_[m[Kâ€™ was not declared in this scope
[14.582s]    [01;31m[KdemoHier_[m[K = hier;
[14.582s]    [01;31m[K^~~~~~~~~[m[K
[14.598s] [01m[K/home/hansol/ros2_ws/src/darknet_ros/darknet_ros/src/YoloObjectDetector.cpp:566:3:[m[K [01;31m[Kerror: [m[Kâ€˜[01m[KfullScreen_[m[Kâ€™ was not declared in this scope
[14.599s]    [01;31m[KfullScreen_[m[K = fullscreen;
[14.600s]    [01;31m[K^~~~~~~~~~~[m[K
[14.611s] [01m[K/home/hansol/ros2_ws/src/darknet_ros/darknet_ros/src/YoloObjectDetector.cpp:566:3:[m[K [01;36m[Knote: [m[Ksuggested alternative: â€˜[01m[Kfullscreen[m[Kâ€™
[14.612s]    [01;36m[KfullScreen_[m[K = fullscreen;
[14.613s]    [01;36m[K^~~~~~~~~~~[m[K
[14.614s]    [32m[Kfullscreen[m[K
[14.615s] [01m[K/home/hansol/ros2_ws/src/darknet_ros/darknet_ros/src/YoloObjectDetector.cpp:568:3:[m[K [01;31m[Kerror: [m[Kâ€˜[01m[Knet_[m[Kâ€™ was not declared in this scope
[14.616s]    [01;31m[Knet_[m[K = load_network(cfgfile, weightfile, 0);
[14.617s]    [01;31m[K^~~~[m[K
[14.621s] [01m[K/home/hansol/ros2_ws/src/darknet_ros/darknet_ros/src/YoloObjectDetector.cpp:568:3:[m[K [01;36m[Knote: [m[Ksuggested alternative: â€˜[01m[Kgetw[m[Kâ€™
[14.622s]    [01;36m[Knet_[m[K = load_network(cfgfile, weightfile, 0);
[14.623s]    [01;36m[K^~~~[m[K
[14.623s]    [32m[Kgetw[m[K
[14.624s] [01m[K/home/hansol/ros2_ws/src/darknet_ros/darknet_ros/src/YoloObjectDetector.cpp:[m[K At global scope:
[14.625s] [01m[K/home/hansol/ros2_ws/src/darknet_ros/darknet_ros/src/YoloObjectDetector.cpp:572:6:[m[K [01;31m[Kerror: [m[Kâ€˜[01m[KYoloObjectDetector[m[Kâ€™ has not been declared
[14.626s]  void [01;31m[KYoloObjectDetector[m[K::yolo()
[14.626s]       [01;31m[K^~~~~~~~~~~~~~~~~~[m[K
[14.627s] [01m[K/home/hansol/ros2_ws/src/darknet_ros/darknet_ros/src/YoloObjectDetector.cpp:[m[K In function â€˜[01m[Kvoid yolo()[m[Kâ€™:
[14.628s] [01m[K/home/hansol/ros2_ws/src/darknet_ros/darknet_ros/src/YoloObjectDetector.cpp:576:11:[m[K [01;31m[Kerror: [m[Kâ€˜[01m[KgetImageStatus[m[Kâ€™ was not declared in this scope
[14.629s]    while (![01;31m[KgetImageStatus[m[K()) {
[14.629s]            [01;31m[K^~~~~~~~~~~~~~[m[K
[14.649s] [01m[K/home/hansol/ros2_ws/src/darknet_ros/darknet_ros/src/YoloObjectDetector.cpp:576:11:[m[K [01;36m[Knote: [m[Ksuggested alternative: â€˜[01m[Kget_image_layer[m[Kâ€™
[14.650s]    while (![01;36m[KgetImageStatus[m[K()) {
[14.651s]            [01;36m[K^~~~~~~~~~~~~~[m[K
[14.652s]            [32m[Kget_image_layer[m[K
[14.652s] [01m[K/home/hansol/ros2_ws/src/darknet_ros/darknet_ros/src/YoloObjectDetector.cpp:578:10:[m[K [01;31m[Kerror: [m[Kâ€˜[01m[KisNodeRunning[m[Kâ€™ was not declared in this scope
[14.653s]      if (![01;31m[KisNodeRunning[m[K()) {
[14.654s]           [01;31m[K^~~~~~~~~~~~~[m[K
[14.673s] [01m[K/home/hansol/ros2_ws/src/darknet_ros/darknet_ros/src/YoloObjectDetector.cpp:590:3:[m[K [01;31m[Kerror: [m[Kâ€˜[01m[KdemoTotal_[m[Kâ€™ was not declared in this scope
[14.675s]    [01;31m[KdemoTotal_[m[K = sizeNetwork(net_);
[14.676s]    [01;31m[K^~~~~~~~~~[m[K
[14.693s] [01m[K/home/hansol/ros2_ws/src/darknet_ros/darknet_ros/src/YoloObjectDetector.cpp:590:28:[m[K [01;31m[Kerror: [m[Kâ€˜[01m[Knet_[m[Kâ€™ was not declared in this scope
[14.694s]    demoTotal_ = sizeNetwork([01;31m[Knet_[m[K);
[14.696s]                             [01;31m[K^~~~[m[K
[14.703s] [01m[K/home/hansol/ros2_ws/src/darknet_ros/darknet_ros/src/YoloObjectDetector.cpp:590:28:[m[K [01;36m[Knote: [m[Ksuggested alternative: â€˜[01m[Kgetw[m[Kâ€™
[14.704s]    demoTotal_ = sizeNetwork([01;36m[Knet_[m[K);
[14.704s]                             [01;36m[K^~~~[m[K
[14.705s]                             [32m[Kgetw[m[K
[14.706s] [01m[K/home/hansol/ros2_ws/src/darknet_ros/darknet_ros/src/YoloObjectDetector.cpp:590:16:[m[K [01;31m[Kerror: [m[Kâ€˜[01m[KsizeNetwork[m[Kâ€™ was not declared in this scope
[14.707s]    demoTotal_ = [01;31m[KsizeNetwork[m[K(net_);
[14.708s]                 [01;31m[K^~~~~~~~~~~[m[K
[14.720s] [01m[K/home/hansol/ros2_ws/src/darknet_ros/darknet_ros/src/YoloObjectDetector.cpp:590:16:[m[K [01;36m[Knote: [m[Ksuggested alternative: â€˜[01m[KsetupNetwork[m[Kâ€™
[14.721s]    demoTotal_ = [01;36m[KsizeNetwork[m[K(net_);
[14.722s]                 [01;36m[K^~~~~~~~~~~[m[K
[14.723s]                 [32m[KsetupNetwork[m[K
[14.724s] [01m[K/home/hansol/ros2_ws/src/darknet_ros/darknet_ros/src/YoloObjectDetector.cpp:591:3:[m[K [01;31m[Kerror: [m[Kâ€˜[01m[Kpredictions_[m[Kâ€™ was not declared in this scope
[14.725s]    [01;31m[Kpredictions_[m[K = (float **) calloc(demoFrame_, sizeof(float*));
[14.726s]    [01;31m[K^~~~~~~~~~~~[m[K
[14.740s] [01m[K/home/hansol/ros2_ws/src/darknet_ros/darknet_ros/src/YoloObjectDetector.cpp:591:3:[m[K [01;36m[Knote: [m[Ksuggested alternative: â€˜[01m[Ktop_predictions[m[Kâ€™
[14.741s]    [01;36m[Kpredictions_[m[K = (float **) calloc(demoFrame_, sizeof(float*));
[14.742s]    [01;36m[K^~~~~~~~~~~~[m[K
[14.743s]    [32m[Ktop_predictions[m[K
[14.744s] [01m[K/home/hansol/ros2_ws/src/darknet_ros/darknet_ros/src/YoloObjectDetector.cpp:591:36:[m[K [01;31m[Kerror: [m[Kâ€˜[01m[KdemoFrame_[m[Kâ€™ was not declared in this scope
[14.745s]    predictions_ = (float **) calloc([01;31m[KdemoFrame_[m[K, sizeof(float*));
[14.745s]                                     [01;31m[K^~~~~~~~~~[m[K
[14.760s] [01m[K/home/hansol/ros2_ws/src/darknet_ros/darknet_ros/src/YoloObjectDetector.cpp:595:3:[m[K [01;31m[Kerror: [m[Kâ€˜[01m[Kavg_[m[Kâ€™ was not declared in this scope
[14.761s]    [01;31m[Kavg_[m[K = (float *) calloc(demoTotal_, sizeof(float));
[14.762s]    [01;31m[K^~~~[m[K
[14.769s] [01m[K/home/hansol/ros2_ws/src/darknet_ros/darknet_ros/src/YoloObjectDetector.cpp:598:3:[m[K [01;31m[Kerror: [m[Kâ€˜[01m[KroiBoxes_[m[Kâ€™ was not declared in this scope
[14.770s]    [01;31m[KroiBoxes_[m[K = (darknet_ros::RosBox_ *) calloc(l.w * l.h * l.n, sizeof(darknet_ros::RosBox_));
[14.771s]    [01;31m[K^~~~~~~~~[m[K
[14.787s] [01m[K/home/hansol/ros2_ws/src/darknet_ros/darknet_ros/src/YoloObjectDetector.cpp:601:46:[m[K [01;31m[Kerror: [m[Kâ€˜[01m[KmutexImageCallback_[m[Kâ€™ was not declared in this scope
[14.788s]  ::shared_lock<std::shared_mutex> lock([01;31m[KmutexImageCallback_[m[K);
[14.789s]                                        [01;31m[K^~~~~~~~~~~~~~~~~~~[m[K
[14.823s] [01m[K/home/hansol/ros2_ws/src/darknet_ros/darknet_ros/src/YoloObjectDetector.cpp:601:46:[m[K [01;36m[Knote: [m[Ksuggested alternative: â€˜[01m[KcvSetMouseCallback[m[Kâ€™
[14.824s]  ::shared_lock<std::shared_mutex> lock([01;36m[KmutexImageCallback_[m[K);
[14.826s]                                        [01;36m[K^~~~~~~~~~~~~~~~~~~[m[K
[14.827s]                                               [32m[KcvSetMouseCallback[m[K
[14.828s] [01m[K/home/hansol/ros2_ws/src/darknet_ros/darknet_ros/src/YoloObjectDetector.cpp:602:5:[m[K [01;31m[Kerror: [m[Kâ€˜[01m[KCvMatWithHeader_[m[Kâ€™ was not declared in this scope
[14.829s]      [01;31m[KCvMatWithHeader_[m[K imageAndHeader = getCvMatWithHeader();
[14.831s]      [01;31m[K^~~~~~~~~~~~~~~~[m[K
[14.832s] [01m[K/home/hansol/ros2_ws/src/darknet_ros/darknet_ros/src/YoloObjectDetector.cpp:602:5:[m[K [01;36m[Knote: [m[Ksuggested alternative:
[14.833s] In file included from [01m[K/home/hansol/ros2_ws/src/darknet_ros/darknet_ros/src/YoloObjectDetector.cpp:11:0[m[K:
[14.833s] [01m[K/home/hansol/ros2_ws/src/darknet_ros/darknet_ros/include/darknet_ros/YoloObjectDetector.hpp:95:3:[m[K [01;36m[Knote: [m[K  â€˜[01m[Kdarknet_ros::CvMatWithHeader_[m[Kâ€™
[14.834s]  } [01;36m[KCvMatWithHeader_[m[K;
[14.835s]    [01;36m[K^~~~~~~~~~~~~~~~[m[K
[14.836s] [01m[K/home/hansol/ros2_ws/src/darknet_ros/darknet_ros/src/YoloObjectDetector.cpp:603:5:[m[K [01;31m[Kerror: [m[Kâ€˜[01m[Kbuff_[m[Kâ€™ was not declared in this scope
[14.836s]      [01;31m[Kbuff_[m[K[0] = mat_to_image(imageAndHeader.image);
[14.837s]      [01;31m[K^~~~~[m[K
[14.838s] [01m[K/home/hansol/ros2_ws/src/darknet_ros/darknet_ros/src/YoloObjectDetector.cpp:603:29:[m[K [01;31m[Kerror: [m[Kâ€˜[01m[KimageAndHeader[m[Kâ€™ was not declared in this scope
[14.838s]      buff_[0] = mat_to_image([01;31m[KimageAndHeader[m[K.image);
[14.839s]                              [01;31m[K^~~~~~~~~~~~~~[m[K
[14.860s] [01m[K/home/hansol/ros2_ws/src/darknet_ros/darknet_ros/src/YoloObjectDetector.cpp:603:29:[m[K [01;36m[Knote: [m[Ksuggested alternative: â€˜[01m[KImageByteOrder[m[Kâ€™
[14.861s]      buff_[0] = mat_to_image([01;36m[KimageAndHeader[m[K.image);
[14.862s]                              [01;36m[K^~~~~~~~~~~~~~[m[K
[14.863s]                              [32m[KImageByteOrder[m[K
[14.864s] [01m[K/home/hansol/ros2_ws/src/darknet_ros/darknet_ros/src/YoloObjectDetector.cpp:604:5:[m[K [01;31m[Kerror: [m[Kâ€˜[01m[KheaderBuff_[m[Kâ€™ was not declared in this scope
[14.864s]      [01;31m[KheaderBuff_[m[K[0] = imageAndHeader.header;
[14.865s]      [01;31m[K^~~~~~~~~~~[m[K
[14.882s] [01m[K/home/hansol/ros2_ws/src/darknet_ros/darknet_ros/src/YoloObjectDetector.cpp:606:3:[m[K [01;31m[Kerror: [m[Kâ€˜[01m[Kbuff_[m[Kâ€™ was not declared in this scope
[14.883s]    [01;31m[Kbuff_[m[K[1] = copy_image(buff_[0]);
[14.884s]    [01;31m[K^~~~~[m[K
[14.892s] [01m[K/home/hansol/ros2_ws/src/darknet_ros/darknet_ros/src/YoloObjectDetector.cpp:608:3:[m[K [01;31m[Kerror: [m[Kâ€˜[01m[KheaderBuff_[m[Kâ€™ was not declared in this scope
[14.893s]    [01;31m[KheaderBuff_[m[K[1] = headerBuff_[0];
[14.894s]    [01;31m[K^~~~~~~~~~~[m[K
[14.914s] [01m[K/home/hansol/ros2_ws/src/darknet_ros/darknet_ros/src/YoloObjectDetector.cpp:610:3:[m[K [01;31m[Kerror: [m[Kâ€˜[01m[KbuffLetter_[m[Kâ€™ was not declared in this scope
[14.915s]    [01;31m[KbuffLetter_[m[K[0] = letterbox_image(buff_[0], net_->w, net_->h);
[14.916s]    [01;31m[K^~~~~~~~~~~[m[K
[14.935s] [01m[K/home/hansol/ros2_ws/src/darknet_ros/darknet_ros/src/YoloObjectDetector.cpp:614:3:[m[K [01;31m[Kerror: [m[Kâ€˜[01m[Kdisp_[m[Kâ€™ was not declared in this scope
[14.937s]    [01;31m[Kdisp_[m[K = image_to_mat(buff_[0]);
[14.938s]    [01;31m[K^~~~~[m[K
[14.947s] [01m[K/home/hansol/ros2_ws/src/darknet_ros/darknet_ros/src/YoloObjectDetector.cpp:617:8:[m[K [01;31m[Kerror: [m[Kâ€˜[01m[KdemoPrefix_[m[Kâ€™ was not declared in this scope
[14.948s]    if (![01;31m[KdemoPrefix_[m[K && viewImage_) {
[14.949s]         [01;31m[K^~~~~~~~~~~[m[K
[14.968s] [01m[K/home/hansol/ros2_ws/src/darknet_ros/darknet_ros/src/YoloObjectDetector.cpp:617:23:[m[K [01;31m[Kerror: [m[Kâ€˜[01m[KviewImage_[m[Kâ€™ was not declared in this scope
[14.969s]    if (!demoPrefix_ && [01;31m[KviewImage_[m[K) {
[14.970s]                        [01;31m[K^~~~~~~~~~[m[K
[14.984s] [01m[K/home/hansol/ros2_ws/src/darknet_ros/darknet_ros/src/YoloObjectDetector.cpp:617:23:[m[K [01;36m[Knote: [m[Ksuggested alternative: â€˜[01m[KXGetImage[m[Kâ€™
[14.985s]    if (!demoPrefix_ && [01;36m[KviewImage_[m[K) {
[14.986s]                        [01;36m[K^~~~~~~~~~[m[K
[14.986s]                        [32m[KXGetImage[m[K
[14.987s] [01m[K/home/hansol/ros2_ws/src/darknet_ros/darknet_ros/src/YoloObjectDetector.cpp:618:21:[m[K [01;31m[Kerror: [m[Kâ€˜[01m[KwindowName_[m[Kâ€™ was not declared in this scope
[14.988s]      cv::namedWindow([01;31m[KwindowName_[m[K.c_str(), cv::WINDOW_NORMAL);
[14.989s]                      [01;31m[K^~~~~~~~~~~[m[K
[15.003s] [01m[K/home/hansol/ros2_ws/src/darknet_ros/darknet_ros/src/YoloObjectDetector.cpp:618:21:[m[K [01;36m[Knote: [m[Ksuggested alternative: â€˜[01m[Kwindows[m[Kâ€™
[15.004s]      cv::namedWindow([01;36m[KwindowName_[m[K.c_str(), cv::WINDOW_NORMAL);
[15.005s]                      [01;36m[K^~~~~~~~~~~[m[K
[15.005s]                      [32m[Kwindows[m[K
[15.006s] [01m[K/home/hansol/ros2_ws/src/darknet_ros/darknet_ros/src/YoloObjectDetector.cpp:619:9:[m[K [01;31m[Kerror: [m[Kâ€˜[01m[KfullScreen_[m[Kâ€™ was not declared in this scope
[15.007s]      if ([01;31m[KfullScreen_[m[K) {
[15.007s]          [01;31m[K^~~~~~~~~~~[m[K
[15.022s] [01m[K/home/hansol/ros2_ws/src/darknet_ros/darknet_ros/src/YoloObjectDetector.cpp:619:9:[m[K [01;36m[Knote: [m[Ksuggested alternative: â€˜[01m[KScreen[m[Kâ€™
[15.023s]      if ([01;36m[KfullScreen_[m[K) {
[15.024s]          [01;36m[K^~~~~~~~~~~[m[K
[15.025s]          [32m[KScreen[m[K
[15.026s] [01m[K/home/hansol/ros2_ws/src/darknet_ros/darknet_ros/src/YoloObjectDetector.cpp:627:3:[m[K [01;31m[Kerror: [m[Kâ€˜[01m[KdemoTime_[m[Kâ€™ was not declared in this scope
[15.027s]    [01;31m[KdemoTime_[m[K = what_time_is_it_now();
[15.028s]    [01;31m[K^~~~~~~~~[m[K
[15.039s] [01m[K/home/hansol/ros2_ws/src/darknet_ros/darknet_ros/src/YoloObjectDetector.cpp:629:11:[m[K [01;31m[Kerror: [m[Kâ€˜[01m[KdemoDone_[m[Kâ€™ was not declared in this scope
[15.040s]    while (![01;31m[KdemoDone_[m[K) {
[15.040s]            [01;31m[K^~~~~~~~~[m[K
[15.055s] [01m[K/home/hansol/ros2_ws/src/darknet_ros/darknet_ros/src/YoloObjectDetector.cpp:630:5:[m[K [01;31m[Kerror: [m[Kâ€˜[01m[KbuffIndex_[m[Kâ€™ was not declared in this scope
[15.056s]      [01;31m[KbuffIndex_[m[K = (buffIndex_ + 1) % 3;
[15.057s]      [01;31m[K^~~~~~~~~~[m[K
[15.074s] [01m[K/home/hansol/ros2_ws/src/darknet_ros/darknet_ros/src/YoloObjectDetector.cpp:631:33:[m[K [01;31m[Kerror: [m[Kâ€˜[01m[KYoloObjectDetector[m[Kâ€™ was not declared in this scope
[15.075s]      fetch_thread = std::thread(&[01;31m[KYoloObjectDetector[m[K::fetchInThread, this);
[15.076s]                                  [01;31m[K^~~~~~~~~~~~~~~~~~[m[K
[15.077s] [01m[K/home/hansol/ros2_ws/src/darknet_ros/darknet_ros/src/YoloObjectDetector.cpp:631:33:[m[K [01;36m[Knote: [m[Ksuggested alternative:
[15.078s] In file included from [01m[K/home/hansol/ros2_ws/src/darknet_ros/darknet_ros/src/YoloObjectDetector.cpp:11:0[m[K:
[15.078s] [01m[K/home/hansol/ros2_ws/src/darknet_ros/darknet_ros/include/darknet_ros/YoloObjectDetector.hpp:97:7:[m[K [01;36m[Knote: [m[K  â€˜[01m[Kdarknet_ros::YoloObjectDetector[m[Kâ€™
[15.079s]  class [01;36m[KYoloObjectDetector[m[K : public rclcpp::Node
[15.080s]        [01;36m[K^~~~~~~~~~~~~~~~~~[m[K
[15.080s] [01m[K/home/hansol/ros2_ws/src/darknet_ros/darknet_ros/src/YoloObjectDetector.cpp:631:68:[m[K [01;31m[Kerror: [m[Kinvalid use of â€˜[01m[Kthis[m[Kâ€™ in non-member function
[15.081s]  thread(&YoloObjectDetector::fetchInThread, [01;31m[Kthis[m[K);
[15.082s]                                             [01;31m[K^~~~[m[K
[15.082s] [01m[K/home/hansol/ros2_ws/src/darknet_ros/darknet_ros/src/YoloObjectDetector.cpp:632:70:[m[K [01;31m[Kerror: [m[Kinvalid use of â€˜[01m[Kthis[m[Kâ€™ in non-member function
[15.083s]  hread(&YoloObjectDetector::detectInThread, [01;31m[Kthis[m[K);
[15.084s]                                             [01;31m[K^~~~[m[K
[15.084s] [01m[K/home/hansol/ros2_ws/src/darknet_ros/darknet_ros/src/YoloObjectDetector.cpp:633:10:[m[K [01;31m[Kerror: [m[Kâ€˜[01m[KdemoPrefix_[m[Kâ€™ was not declared in this scope
[15.085s]      if (![01;31m[KdemoPrefix_[m[K) {
[15.086s]           [01;31m[K^~~~~~~~~~~[m[K
[15.096s] [01m[K/home/hansol/ros2_ws/src/darknet_ros/darknet_ros/src/YoloObjectDetector.cpp:634:7:[m[K [01;31m[Kerror: [m[Kâ€˜[01m[Kfps_[m[Kâ€™ was not declared in this scope
[15.097s]        [01;31m[Kfps_[m[K = 1./(what_time_is_it_now() - demoTime_);
[15.098s]        [01;31m[K^~~~[m[K
[15.105s] [01m[K/home/hansol/ros2_ws/src/darknet_ros/darknet_ros/src/YoloObjectDetector.cpp:634:7:[m[K [01;36m[Knote: [m[Ksuggested alternative: â€˜[01m[Kfpos_t[m[Kâ€™
[15.106s]        [01;36m[Kfps_[m[K = 1./(what_time_is_it_now() - demoTime_);
[15.107s]        [01;36m[K^~~~[m[K
[15.108s]        [32m[Kfpos_t[m[K
[15.109s] [01m[K/home/hansol/ros2_ws/src/darknet_ros/darknet_ros/src/YoloObjectDetector.cpp:637:20:[m[K [01;31m[Kerror: [m[Kâ€˜[01m[Kmax_fps[m[Kâ€™ was not declared in this scope
[15.110s]          if (fps_ > [01;31m[Kmax_fps[m[K)
[15.111s]                     [01;31m[K^~~~~~~[m[K
[15.118s] [01m[K/home/hansol/ros2_ws/src/darknet_ros/darknet_ros/src/YoloObjectDetector.cpp:637:20:[m[K [01;36m[Knote: [m[Ksuggested alternative: â€˜[01m[Kvmax_f16[m[Kâ€™
[15.119s]          if (fps_ > [01;36m[Kmax_fps[m[K)
[15.119s]                     [01;36m[K^~~~~~~[m[K
[15.120s]                     [32m[Kvmax_f16[m[K
[15.121s] [01m[K/home/hansol/ros2_ws/src/darknet_ros/darknet_ros/src/YoloObjectDetector.cpp:639:25:[m[K [01;31m[Kerror: [m[Kâ€˜[01m[Kmin_fps[m[Kâ€™ was not declared in this scope
[15.122s]          else if (fps_ < [01;31m[Kmin_fps[m[K)
[15.123s]                          [01;31m[K^~~~~~~[m[K
[15.130s] [01m[K/home/hansol/ros2_ws/src/darknet_ros/darknet_ros/src/YoloObjectDetector.cpp:639:25:[m[K [01;36m[Knote: [m[Ksuggested alternative: â€˜[01m[Kvmin_f16[m[Kâ€™
[15.131s]          else if (fps_ < [01;36m[Kmin_fps[m[K)
[15.132s]                          [01;36m[K^~~~~~~[m[K
[15.133s]                          [32m[Kvmin_f16[m[K
[15.134s] [01m[K/home/hansol/ros2_ws/src/darknet_ros/darknet_ros/src/YoloObjectDetector.cpp:645:7:[m[K [01;31m[Kerror: [m[Kâ€˜[01m[Kss_fps[m[Kâ€™ was not declared in this scope
[15.134s]        [01;31m[Kss_fps[m[K.str("");
[15.135s]        [01;31m[K^~~~~~[m[K
[15.142s] [01m[K/home/hansol/ros2_ws/src/darknet_ros/darknet_ros/src/YoloObjectDetector.cpp:645:7:[m[K [01;36m[Knote: [m[Ksuggested alternative: â€˜[01m[Ksi_fd[m[Kâ€™
[15.143s]        [01;36m[Kss_fps[m[K.str("");
[15.144s]        [01;36m[K^~~~~~[m[K
[15.145s]        [32m[Ksi_fd[m[K
[15.146s] [01m[K/home/hansol/ros2_ws/src/darknet_ros/darknet_ros/src/YoloObjectDetector.cpp:646:27:[m[K [01;31m[Kerror: [m[Kâ€˜[01m[Kmax_fps[m[Kâ€™ was not declared in this scope
[15.147s]        ss_fps << "MAX:" << [01;31m[Kmax_fps[m[K << " MIN:" << min_fps;
[15.147s]                            [01;31m[K^~~~~~~[m[K
[15.154s] [01m[K/home/hansol/ros2_ws/src/darknet_ros/darknet_ros/src/YoloObjectDetector.cpp:646:27:[m[K [01;36m[Knote: [m[Ksuggested alternative: â€˜[01m[Kvmax_f16[m[Kâ€™
[15.155s]        ss_fps << "MAX:" << [01;36m[Kmax_fps[m[K << " MIN:" << min_fps;
[15.156s]                            [01;36m[K^~~~~~~[m[K
[15.157s]                            [32m[Kvmax_f16[m[K
[15.158s] [01m[K/home/hansol/ros2_ws/src/darknet_ros/darknet_ros/src/YoloObjectDetector.cpp:646:49:[m[K [01;31m[Kerror: [m[Kâ€˜[01m[Kmin_fps[m[Kâ€™ was not declared in this scope
[15.159s]  s_fps << "MAX:" << max_fps << " MIN:" << [01;31m[Kmin_fps[m[K;
[15.160s]                                           [01;31m[K^~~~~~~[m[K
[15.167s] [01m[K/home/hansol/ros2_ws/src/darknet_ros/darknet_ros/src/YoloObjectDetector.cpp:646:49:[m[K [01;36m[Knote: [m[Ksuggested alternative: â€˜[01m[Kvmin_f16[m[Kâ€™
[15.169s]  s_fps << "MAX:" << max_fps << " MIN:" << [01;36m[Kmin_fps[m[K;
[15.169s]                                           [01;36m[K^~~~~~~[m[K
[15.170s]                                                  [32m[Kvmin_f16[m[K
[15.171s] [01m[K/home/hansol/ros2_ws/src/darknet_ros/darknet_ros/src/YoloObjectDetector.cpp:649:11:[m[K [01;31m[Kerror: [m[Kâ€˜[01m[KviewImage_[m[Kâ€™ was not declared in this scope
[15.171s]        if ([01;31m[KviewImage_[m[K) {
[15.172s]            [01;31m[K^~~~~~~~~~[m[K
[15.184s] [01m[K/home/hansol/ros2_ws/src/darknet_ros/darknet_ros/src/YoloObjectDetector.cpp:649:11:[m[K [01;36m[Knote: [m[Ksuggested alternative: â€˜[01m[KXGetImage[m[Kâ€™
[15.184s]        if ([01;36m[KviewImage_[m[K) {
[15.185s]            [01;36m[K^~~~~~~~~~[m[K
[15.186s]            [32m[KXGetImage[m[K
[15.186s] [01m[K/home/hansol/ros2_ws/src/darknet_ros/darknet_ros/src/YoloObjectDetector.cpp:652:9:[m[K [01;31m[Kerror: [m[Kâ€˜[01m[Kgenerate_image_cp[m[Kâ€™ was not declared in this scope
[15.187s]          [01;31m[Kgenerate_image_cp[m[K(buff_[(buffIndex_ + 1)%3], disp_);
[15.188s]          [01;31m[K^~~~~~~~~~~~~~~~~[m[K
[15.201s] [01m[K/home/hansol/ros2_ws/src/darknet_ros/darknet_ros/src/YoloObjectDetector.cpp:652:9:[m[K [01;36m[Knote: [m[Ksuggested alternative: â€˜[01m[Kgenerate_image[m[Kâ€™
[15.202s]          [01;36m[Kgenerate_image_cp[m[K(buff_[(buffIndex_ + 1)%3], disp_);
[15.203s]          [01;36m[K^~~~~~~~~~~~~~~~~[m[K
[15.204s]          [32m[Kgenerate_image[m[K
[15.204s] [01m[K/home/hansol/ros2_ws/src/darknet_ros/darknet_ros/src/YoloObjectDetector.cpp:654:7:[m[K [01;31m[Kerror: [m[Kâ€˜[01m[KpublishInThread[m[Kâ€™ was not declared in this scope
[15.205s]        [01;31m[KpublishInThread[m[K();
[15.206s]        [01;31m[K^~~~~~~~~~~~~~~[m[K
[15.224s] [01m[K/home/hansol/ros2_ws/src/darknet_ros/darknet_ros/src/YoloObjectDetector.cpp:654:7:[m[K [01;36m[Knote: [m[Ksuggested alternative: â€˜[01m[KfetchInThread[m[Kâ€™
[15.225s]        [01;36m[KpublishInThread[m[K();
[15.226s]        [01;36m[K^~~~~~~~~~~~~~~[m[K
[15.227s]        [32m[KfetchInThread[m[K
[15.228s] [01m[K/home/hansol/ros2_ws/src/darknet_ros/darknet_ros/src/YoloObjectDetector.cpp:663:10:[m[K [01;31m[Kerror: [m[Kâ€˜[01m[KisNodeRunning[m[Kâ€™ was not declared in this scope
[15.228s]      if (![01;31m[KisNodeRunning[m[K()) {
[15.229s]           [01;31m[K^~~~~~~~~~~~~[m[K
[15.280s] [01m[K/home/hansol/ros2_ws/src/darknet_ros/darknet_ros/src/YoloObjectDetector.cpp:[m[K At global scope:
[15.281s] [01m[K/home/hansol/ros2_ws/src/darknet_ros/darknet_ros/src/YoloObjectDetector.cpp:669:1:[m[K [01;31m[Kerror: [m[Kâ€˜[01m[KCvMatWithHeader_[m[Kâ€™ does not name a type; did you mean â€˜[01m[KCvChainPtReader[m[Kâ€™?
[15.281s]  [01;31m[KCvMatWithHeader_[m[K YoloObjectDetector::getCvMatWithHeader() {
[15.282s]  [01;31m[K^~~~~~~~~~~~~~~~[m[K
[15.282s]  [32m[KCvChainPtReader[m[K
[15.283s] [01m[K/home/hansol/ros2_ws/src/darknet_ros/darknet_ros/src/YoloObjectDetector.cpp:674:6:[m[K [01;31m[Kerror: [m[Kâ€˜[01m[KYoloObjectDetector[m[Kâ€™ has not been declared
[15.284s]  bool [01;31m[KYoloObjectDetector[m[K::getImageStatus(void)
[15.284s]       [01;31m[K^~~~~~~~~~~~~~~~~~[m[K
[15.285s] [01m[K/home/hansol/ros2_ws/src/darknet_ros/darknet_ros/src/YoloObjectDetector.cpp:[m[K In function â€˜[01m[Kbool getImageStatus()[m[Kâ€™:
[15.286s] [01m[K/home/hansol/ros2_ws/src/darknet_ros/darknet_ros/src/YoloObjectDetector.cpp:676:44:[m[K [01;31m[Kerror: [m[Kâ€˜[01m[KmutexImageStatus_[m[Kâ€™ was not declared in this scope
[15.286s]  ::shared_lock<std::shared_mutex> lock([01;31m[KmutexImageStatus_[m[K);
[15.287s]                                        [01;31m[K^~~~~~~~~~~~~~~~~[m[K
[15.302s] [01m[K/home/hansol/ros2_ws/src/darknet_ros/darknet_ros/src/YoloObjectDetector.cpp:676:44:[m[K [01;36m[Knote: [m[Ksuggested alternative: â€˜[01m[KgetImageStatus[m[Kâ€™
[15.303s]  ::shared_lock<std::shared_mutex> lock([01;36m[KmutexImageStatus_[m[K);
[15.304s]                                        [01;36m[K^~~~~~~~~~~~~~~~~[m[K
[15.305s]                                             [32m[KgetImageStatus[m[K
[15.305s] [01m[K/home/hansol/ros2_ws/src/darknet_ros/darknet_ros/src/YoloObjectDetector.cpp:677:10:[m[K [01;31m[Kerror: [m[Kâ€˜[01m[KimageStatus_[m[Kâ€™ was not declared in this scope
[15.306s]    return [01;31m[KimageStatus_[m[K;
[15.307s]           [01;31m[K^~~~~~~~~~~~[m[K
[15.323s] [01m[K/home/hansol/ros2_ws/src/darknet_ros/darknet_ros/src/YoloObjectDetector.cpp:677:10:[m[K [01;36m[Knote: [m[Ksuggested alternative: â€˜[01m[KgetImageStatus[m[Kâ€™
[15.324s]    return [01;36m[KimageStatus_[m[K;
[15.325s]           [01;36m[K^~~~~~~~~~~~[m[K
[15.325s]           [32m[KgetImageStatus[m[K
[15.326s] [01m[K/home/hansol/ros2_ws/src/darknet_ros/darknet_ros/src/YoloObjectDetector.cpp:[m[K At global scope:
[15.326s] [01m[K/home/hansol/ros2_ws/src/darknet_ros/darknet_ros/src/YoloObjectDetector.cpp:680:6:[m[K [01;31m[Kerror: [m[Kâ€˜[01m[KYoloObjectDetector[m[Kâ€™ has not been declared
[15.327s]  bool [01;31m[KYoloObjectDetector[m[K::isNodeRunning(void)
[15.328s]       [01;31m[K^~~~~~~~~~~~~~~~~~[m[K
[15.329s] [01m[K/home/hansol/ros2_ws/src/darknet_ros/darknet_ros/src/YoloObjectDetector.cpp:[m[K In function â€˜[01m[Kbool isNodeRunning()[m[Kâ€™:
[15.330s] [01m[K/home/hansol/ros2_ws/src/darknet_ros/darknet_ros/src/YoloObjectDetector.cpp:682:44:[m[K [01;31m[Kerror: [m[Kâ€˜[01m[KmutexNodeStatus_[m[Kâ€™ was not declared in this scope
[15.330s]  ::shared_lock<std::shared_mutex> lock([01;31m[KmutexNodeStatus_[m[K);
[15.331s]                                        [01;31m[K^~~~~~~~~~~~~~~~[m[K
[15.353s] [01m[K/home/hansol/ros2_ws/src/darknet_ros/darknet_ros/src/YoloObjectDetector.cpp:682:44:[m[K [01;36m[Knote: [m[Ksuggested alternative: â€˜[01m[KgetImageStatus[m[Kâ€™
[15.354s]  ::shared_lock<std::shared_mutex> lock([01;36m[KmutexNodeStatus_[m[K);
[15.355s]                                        [01;36m[K^~~~~~~~~~~~~~~~[m[K
[15.356s]                                             [32m[KgetImageStatus[m[K
[15.357s] [01m[K/home/hansol/ros2_ws/src/darknet_ros/darknet_ros/src/YoloObjectDetector.cpp:683:10:[m[K [01;31m[Kerror: [m[Kâ€˜[01m[KisNodeRunning_[m[Kâ€™ was not declared in this scope
[15.358s]    return [01;31m[KisNodeRunning_[m[K;
[15.359s]           [01;31m[K^~~~~~~~~~~~~~[m[K
[15.365s] [01m[K/home/hansol/ros2_ws/src/darknet_ros/darknet_ros/src/YoloObjectDetector.cpp:683:10:[m[K [01;36m[Knote: [m[Ksuggested alternative: â€˜[01m[KisNodeRunning[m[Kâ€™
[15.366s]    return [01;36m[KisNodeRunning_[m[K;
[15.367s]           [01;36m[K^~~~~~~~~~~~~~[m[K
[15.368s]           [32m[KisNodeRunning[m[K
[15.369s] [01m[K/home/hansol/ros2_ws/src/darknet_ros/darknet_ros/src/YoloObjectDetector.cpp:[m[K At global scope:
[15.370s] [01m[K/home/hansol/ros2_ws/src/darknet_ros/darknet_ros/src/YoloObjectDetector.cpp:686:7:[m[K [01;31m[Kerror: [m[Kâ€˜[01m[KYoloObjectDetector[m[Kâ€™ has not been declared
[15.371s]  void *[01;31m[KYoloObjectDetector[m[K::publishInThread()
[15.372s]        [01;31m[K^~~~~~~~~~~~~~~~~~[m[K
[15.372s] [01m[K/home/hansol/ros2_ws/src/darknet_ros/darknet_ros/src/YoloObjectDetector.cpp:[m[K In function â€˜[01m[Kvoid* publishInThread()[m[Kâ€™:
[15.373s] [01m[K/home/hansol/ros2_ws/src/darknet_ros/darknet_ros/src/YoloObjectDetector.cpp:690:21:[m[K [01;31m[Kerror: [m[Kâ€˜[01m[Kdisp_[m[Kâ€™ was not declared in this scope
[15.374s]    cv::Mat cvImage = [01;31m[Kdisp_[m[K;
[15.375s]                      [01;31m[K^~~~~[m[K
[15.376s] [01m[K/home/hansol/ros2_ws/src/darknet_ros/darknet_ros/src/YoloObjectDetector.cpp:691:8:[m[K [01;31m[Kerror: [m[Kâ€˜[01m[KpublishDetectionImage[m[Kâ€™ was not declared in this scope
[15.377s]    if (![01;31m[KpublishDetectionImage[m[K(cv::Mat(cvImage))) {
[15.377s]         [01;31m[K^~~~~~~~~~~~~~~~~~~~~[m[K
[15.420s] In file included from [01m[K/opt/ros/dashing/include/rclcpp/service.hpp:33:0[m[K,
[15.421s]                  from [01m[K/opt/ros/dashing/include/rclcpp/callback_group.hpp:25[m[K,
[15.421s]                  from [01m[K/opt/ros/dashing/include/rclcpp/any_executable.hpp:20[m[K,
[15.422s]                  from [01m[K/opt/ros/dashing/include/rclcpp/memory_strategy.hpp:24[m[K,
[15.423s]                  from [01m[K/opt/ros/dashing/include/rclcpp/memory_strategies.hpp:18[m[K,
[15.423s]                  from [01m[K/opt/ros/dashing/include/rclcpp/executor.hpp:33[m[K,
[15.424s]                  from [01m[K/opt/ros/dashing/include/rclcpp/executors/multi_threaded_executor.hpp:24[m[K,
[15.425s]                  from [01m[K/opt/ros/dashing/include/rclcpp/executors.hpp:21[m[K,
[15.425s]                  from [01m[K/opt/ros/dashing/include/rclcpp/rclcpp.hpp:144[m[K,
[15.426s]                  from [01m[K/home/hansol/ros2_ws/src/darknet_ros/darknet_ros/include/darknet_ros/YoloObjectDetector.hpp:25[m[K,
[15.427s]                  from [01m[K/home/hansol/ros2_ws/src/darknet_ros/darknet_ros/src/YoloObjectDetector.cpp:11[m[K:
[15.428s] [01m[K/home/hansol/ros2_ws/src/darknet_ros/darknet_ros/src/YoloObjectDetector.cpp:692:18:[m[K [01;31m[Kerror: [m[Kâ€˜[01m[Kget_logger[m[Kâ€™ was not declared in this scope
[15.429s]      RCLCPP_DEBUG([01;31m[Kg[m[Ket_logger(), "Detection image has not been broadcasted.");
[15.430s]                   [01;31m[K^[m[K
[15.430s] [01m[K/opt/ros/dashing/include/rclcpp/logging.hpp:77:86:[m[K [01;36m[Knote: [m[Kin definition of macro â€˜[01m[KRCLCPP_DEBUG[m[Kâ€™
[15.431s]  ence<typename std::remove_cv<decltype([01;36m[Klogger[m[K)>::type>::type, \
[15.432s]                                        [01;36m[K^~~~~~[m[K
[15.433s] [01m[K/home/hansol/ros2_ws/src/darknet_ros/darknet_ros/src/YoloObjectDetector.cpp:692:18:[m[K [01;36m[Knote: [m[Ksuggested alternative:
[15.434s]      RCLCPP_DEBUG([01;36m[Kg[m[Ket_logger(), "Detection image has not been broadcasted.");
[15.434s]                   [01;36m[K^[m[K
[15.435s] [01m[K/opt/ros/dashing/include/rclcpp/logging.hpp:77:86:[m[K [01;36m[Knote: [m[Kin definition of macro â€˜[01m[KRCLCPP_DEBUG[m[Kâ€™
[15.436s]  ence<typename std::remove_cv<decltype([01;36m[Klogger[m[K)>::type>::type, \
[15.438s]                                        [01;36m[K^~~~~~[m[K
[15.438s] In file included from [01m[K/opt/ros/dashing/include/rclcpp/logging.hpp:22:0[m[K,
[15.439s]                  from [01m[K/opt/ros/dashing/include/rclcpp/service.hpp:33[m[K,
[15.440s]                  from [01m[K/opt/ros/dashing/include/rclcpp/callback_group.hpp:25[m[K,
[15.441s]                  from [01m[K/opt/ros/dashing/include/rclcpp/any_executable.hpp:20[m[K,
[15.441s]                  from [01m[K/opt/ros/dashing/include/rclcpp/memory_strategy.hpp:24[m[K,
[15.442s]                  from [01m[K/opt/ros/dashing/include/rclcpp/memory_strategies.hpp:18[m[K,
[15.443s]                  from [01m[K/opt/ros/dashing/include/rclcpp/executor.hpp:33[m[K,
[15.443s]                  from [01m[K/opt/ros/dashing/include/rclcpp/executors/multi_threaded_executor.hpp:24[m[K,
[15.444s]                  from [01m[K/opt/ros/dashing/include/rclcpp/executors.hpp:21[m[K,
[15.445s]                  from [01m[K/opt/ros/dashing/include/rclcpp/rclcpp.hpp:144[m[K,
[15.446s]                  from [01m[K/home/hansol/ros2_ws/src/darknet_ros/darknet_ros/include/darknet_ros/YoloObjectDetector.hpp:25[m[K,
[15.447s]                  from [01m[K/home/hansol/ros2_ws/src/darknet_ros/darknet_ros/src/YoloObjectDetector.cpp:11[m[K:
[15.448s] [01m[K/opt/ros/dashing/include/rclcpp/logger.hpp:80:17:[m[K [01;36m[Knote: [m[K  â€˜[01m[Krclcpp::get_logger[m[Kâ€™
[15.449s]    friend Logger [01;36m[Krclcpp[m[K::get_logger(const std::string & name);
[15.450s]                  [01;36m[K^~~~~~[m[K
[15.451s] In file included from [01m[K/opt/ros/dashing/include/rclcpp/service.hpp:33:0[m[K,
[15.452s]                  from [01m[K/opt/ros/dashing/include/rclcpp/callback_group.hpp:25[m[K,
[15.453s]                  from [01m[K/opt/ros/dashing/include/rclcpp/any_executable.hpp:20[m[K,
[15.454s]                  from [01m[K/opt/ros/dashing/include/rclcpp/memory_strategy.hpp:24[m[K,
[15.455s]                  from [01m[K/opt/ros/dashing/include/rclcpp/memory_strategies.hpp:18[m[K,
[15.456s]                  from [01m[K/opt/ros/dashing/include/rclcpp/executor.hpp:33[m[K,
[15.456s]                  from [01m[K/opt/ros/dashing/include/rclcpp/executors/multi_threaded_executor.hpp:24[m[K,
[15.457s]                  from [01m[K/opt/ros/dashing/include/rclcpp/executors.hpp:21[m[K,
[15.458s]                  from [01m[K/opt/ros/dashing/include/rclcpp/rclcpp.hpp:144[m[K,
[15.459s]                  from [01m[K/home/hansol/ros2_ws/src/darknet_ros/darknet_ros/include/darknet_ros/YoloObjectDetector.hpp:25[m[K,
[15.460s]                  from [01m[K/home/hansol/ros2_ws/src/darknet_ros/darknet_ros/src/YoloObjectDetector.cpp:11[m[K:
[15.460s] [01m[K/opt/ros/dashing/include/rclcpp/logging.hpp:77:93:[m[K [01;31m[Kerror: [m[Ktemplate argument 1 is invalid
[15.461s]  pename std::remove_cv<decltype(logger)[01;31m[K>[m[K::type>::type, \
[15.462s]                                        [01;31m[K^[m[K
[15.463s] [01m[K/home/hansol/ros2_ws/src/darknet_ros/darknet_ros/src/YoloObjectDetector.cpp:692:5:[m[K [01;36m[Knote: [m[Kin expansion of macro â€˜[01m[KRCLCPP_DEBUG[m[Kâ€™
[15.464s]      [01;36m[KR[m[KCLCPP_DEBUG(get_logger(), "Detection image has not been broadcasted.");
[15.464s]      [01;36m[K^[m[K
[15.465s] [01m[K/opt/ros/dashing/include/rclcpp/logging.hpp:77:100:[m[K [01;31m[Kerror: [m[Ktemplate argument 1 is invalid
[15.466s]   std::remove_cv<decltype(logger)>::type[01;31m[K>[m[K::type, \
[15.466s]                                         [01;31m[K^[m[K
[15.467s] [01m[K/home/hansol/ros2_ws/src/darknet_ros/darknet_ros/src/YoloObjectDetector.cpp:692:5:[m[K [01;36m[Knote: [m[Kin expansion of macro â€˜[01m[KRCLCPP_DEBUG[m[Kâ€™
[15.468s]      [01;36m[KR[m[KCLCPP_DEBUG(get_logger(), "Detection image has not been broadcasted.");
[15.469s]      [01;36m[K^[m[K
[15.470s] [01m[K/opt/ros/dashing/include/rclcpp/logging.hpp:78:32:[m[K [01;31m[Kerror: [m[Ktemplate argument 1 is invalid
[15.470s]        typename ::rclcpp::Logger[01;31m[K>[m[K::value, \
[15.471s]                                 [01;31m[K^[m[K
[15.472s] [01m[K/home/hansol/ros2_ws/src/darknet_ros/darknet_ros/src/YoloObjectDetector.cpp:692:5:[m[K [01;36m[Knote: [m[Kin expansion of macro â€˜[01m[KRCLCPP_DEBUG[m[Kâ€™
[15.473s]      [01;36m[KR[m[KCLCPP_DEBUG(get_logger(), "Detection image has not been broadcasted.");
[15.474s]      [01;36m[K^[m[K
[15.474s] [01m[K/home/hansol/ros2_ws/src/darknet_ros/darknet_ros/src/YoloObjectDetector.cpp:696:13:[m[K [01;31m[Kerror: [m[Kâ€˜[01m[KroiBoxes_[m[Kâ€™ was not declared in this scope
[15.476s]    int num = [01;31m[KroiBoxes_[m[K[0].num;
[15.476s]              [01;31m[K^~~~~~~~~[m[K
[15.477s] [01m[K/home/hansol/ros2_ws/src/darknet_ros/darknet_ros/src/YoloObjectDetector.cpp:699:27:[m[K [01;31m[Kerror: [m[Kâ€˜[01m[KnumClasses_[m[Kâ€™ was not declared in this scope
[15.478s]        for (int j = 0; j < [01;31m[KnumClasses_[m[K; j++) {
[15.478s]                            [01;31m[K^~~~~~~~~~~[m[K
[15.479s] [01m[K/home/hansol/ros2_ws/src/darknet_ros/darknet_ros/src/YoloObjectDetector.cpp:701:11:[m[K [01;31m[Kerror: [m[Kâ€˜[01m[KrosBoxes_[m[Kâ€™ was not declared in this scope
[15.480s]            [01;31m[KrosBoxes_[m[K[j].push_back(roiBoxes_[i]);
[15.481s]            [01;31m[K^~~~~~~~~[m[K
[15.481s] [01m[K/home/hansol/ros2_ws/src/darknet_ros/darknet_ros/src/YoloObjectDetector.cpp:702:11:[m[K [01;31m[Kerror: [m[Kâ€˜[01m[KrosBoxCounter_[m[Kâ€™ was not declared in this scope
[15.482s]            [01;31m[KrosBoxCounter_[m[K[j]++;
[15.483s]            [01;31m[K^~~~~~~~~~~~~~[m[K
[15.506s] [01m[K/home/hansol/ros2_ws/src/darknet_ros/darknet_ros/src/YoloObjectDetector.cpp:708:24:[m[K [01;31m[Kerror: [m[Kinvalid use of â€˜[01m[Kthis[m[Kâ€™ in non-member function
[15.506s]      msg.header.stamp = [01;31m[Kthis[m[K->now();
[15.507s]                         [01;31m[K^~~~[m[K
[15.508s] [01m[K/home/hansol/ros2_ws/src/darknet_ros/darknet_ros/src/YoloObjectDetector.cpp:711:5:[m[K [01;31m[Kerror: [m[Kâ€˜[01m[KobjectPublisher_[m[Kâ€™ was not declared in this scope
[15.508s]      [01;31m[KobjectPublisher_[m[K->publish(msg);
[15.509s]      [01;31m[K^~~~~~~~~~~~~~~~[m[K
[15.537s] [01m[K/home/hansol/ros2_ws/src/darknet_ros/darknet_ros/src/YoloObjectDetector.cpp:711:5:[m[K [01;36m[Knote: [m[Ksuggested alternative: â€˜[01m[Krcl_publisher_t[m[Kâ€™
[15.538s]      [01;36m[KobjectPublisher_[m[K->publish(msg);
[15.538s]      [01;36m[K^~~~~~~~~~~~~~~~[m[K
[15.539s]      [32m[Krcl_publisher_t[m[K
[15.540s] [01m[K/home/hansol/ros2_ws/src/darknet_ros/darknet_ros/src/YoloObjectDetector.cpp:713:25:[m[K [01;31m[Kerror: [m[Kâ€˜[01m[KnumClasses_[m[Kâ€™ was not declared in this scope
[15.540s]      for (int i = 0; i < [01;31m[KnumClasses_[m[K; i++) {
[15.541s]                          [01;31m[K^~~~~~~~~~~[m[K
[15.558s] [01m[K/home/hansol/ros2_ws/src/darknet_ros/darknet_ros/src/YoloObjectDetector.cpp:714:11:[m[K [01;31m[Kerror: [m[Kâ€˜[01m[KrosBoxCounter_[m[Kâ€™ was not declared in this scope
[15.559s]        if ([01;31m[KrosBoxCounter_[m[K[i] > 0) {
[15.560s]            [01;31m[K^~~~~~~~~~~~~~[m[K
[15.589s] [01m[K/home/hansol/ros2_ws/src/darknet_ros/darknet_ros/src/YoloObjectDetector.cpp:718:23:[m[K [01;31m[Kerror: [m[Kâ€˜[01m[KrosBoxes_[m[Kâ€™ was not declared in this scope
[15.590s]            int xmin = ([01;31m[KrosBoxes_[m[K[i][j].x - rosBoxes_[i][j].w / 2) * frameWidth_;
[15.591s]                        [01;31m[K^~~~~~~~~[m[K
[15.607s] [01m[K/home/hansol/ros2_ws/src/darknet_ros/darknet_ros/src/YoloObjectDetector.cpp:718:68:[m[K [01;31m[Kerror: [m[Kâ€˜[01m[KframeWidth_[m[Kâ€™ was not declared in this scope
[15.608s]  s_[i][j].x - rosBoxes_[i][j].w / 2) * [01;31m[KframeWidth_[m[K;
[15.608s]                                        [01;31m[K^~~~~~~~~~~[m[K
[15.627s] [01m[K/home/hansol/ros2_ws/src/darknet_ros/darknet_ros/src/YoloObjectDetector.cpp:719:68:[m[K [01;31m[Kerror: [m[Kâ€˜[01m[KframeHeight_[m[Kâ€™ was not declared in this scope
[15.628s]  s_[i][j].y - rosBoxes_[i][j].h / 2) * [01;31m[KframeHeight_[m[K;
[15.629s]                                        [01;31m[K^~~~~~~~~~~~[m[K
[15.649s] [01m[K/home/hansol/ros2_ws/src/darknet_ros/darknet_ros/src/YoloObjectDetector.cpp:719:68:[m[K [01;36m[Knote: [m[Ksuggested alternative: â€˜[01m[Kload_weights[m[Kâ€™
[15.650s]  s_[i][j].y - rosBoxes_[i][j].h / 2) * [01;36m[KframeHeight_[m[K;
[15.650s]                                        [01;36m[K^~~~~~~~~~~~[m[K
[15.651s]                                                                     [32m[Kload_weights[m[K
[15.653s] [01m[K/home/hansol/ros2_ws/src/darknet_ros/darknet_ros/src/YoloObjectDetector.cpp:723:34:[m[K [01;31m[Kerror: [m[Kâ€˜[01m[KclassLabels_[m[Kâ€™ was not declared in this scope
[15.653s]            boundingBox.class_id = [01;31m[KclassLabels_[m[K[i];
[15.654s]                                   [01;31m[K^~~~~~~~~~~~[m[K
[15.672s] [01m[K/home/hansol/ros2_ws/src/darknet_ros/darknet_ros/src/YoloObjectDetector.cpp:730:11:[m[K [01;31m[Kerror: [m[Kâ€˜[01m[KboundingBoxesResults_[m[Kâ€™ was not declared in this scope
[15.673s]            [01;31m[KboundingBoxesResults_[m[K.bounding_boxes.push_back(boundingBox);
[15.673s]            [01;31m[K^~~~~~~~~~~~~~~~~~~~~[m[K
[15.710s] [01m[K/home/hansol/ros2_ws/src/darknet_ros/darknet_ros/src/YoloObjectDetector.cpp:730:11:[m[K [01;36m[Knote: [m[Ksuggested alternative: â€˜[01m[KboundingBox[m[Kâ€™
[15.711s]            [01;36m[KboundingBoxesResults_[m[K.bounding_boxes.push_back(boundingBox);
[15.711s]            [01;36m[K^~~~~~~~~~~~~~~~~~~~~[m[K
[15.712s]            [32m[KboundingBox[m[K
[15.712s] [01m[K/home/hansol/ros2_ws/src/darknet_ros/darknet_ros/src/YoloObjectDetector.cpp:734:5:[m[K [01;31m[Kerror: [m[Kâ€˜[01m[KboundingBoxesResults_[m[Kâ€™ was not declared in this scope
[15.713s]      [01;31m[KboundingBoxesResults_[m[K.header.stamp = this->now();
[15.714s]      [01;31m[K^~~~~~~~~~~~~~~~~~~~~[m[K
[15.753s] [01m[K/home/hansol/ros2_ws/src/darknet_ros/darknet_ros/src/YoloObjectDetector.cpp:734:42:[m[K [01;31m[Kerror: [m[Kinvalid use of â€˜[01m[Kthis[m[Kâ€™ in non-member function
[15.754s]   boundingBoxesResults_.header.stamp = [01;31m[Kthis[m[K->now();
[15.755s]                                        [01;31m[K^~~~[m[K
[15.756s] [01m[K/home/hansol/ros2_ws/src/darknet_ros/darknet_ros/src/YoloObjectDetector.cpp:736:42:[m[K [01;31m[Kerror: [m[Kâ€˜[01m[KheaderBuff_[m[Kâ€™ was not declared in this scope
[15.757s]   boundingBoxesResults_.image_header = [01;31m[KheaderBuff_[m[K[(buffIndex_ + 1) % 3];
[15.757s]                                        [01;31m[K^~~~~~~~~~~[m[K
[15.773s] [01m[K/home/hansol/ros2_ws/src/darknet_ros/darknet_ros/src/YoloObjectDetector.cpp:736:55:[m[K [01;31m[Kerror: [m[Kâ€˜[01m[KbuffIndex_[m[Kâ€™ was not declared in this scope
[15.774s]  sResults_.image_header = headerBuff_[([01;31m[KbuffIndex_[m[K + 1) % 3];
[15.775s]                                        [01;31m[K^~~~~~~~~~[m[K
[15.792s] [01m[K/home/hansol/ros2_ws/src/darknet_ros/darknet_ros/src/YoloObjectDetector.cpp:737:5:[m[K [01;31m[Kerror: [m[Kâ€˜[01m[KboundingBoxesPublisher_[m[Kâ€™ was not declared in this scope
[15.793s]      [01;31m[KboundingBoxesPublisher_[m[K->publish(boundingBoxesResults_);
[15.794s]      [01;31m[K^~~~~~~~~~~~~~~~~~~~~~~[m[K
[15.837s] [01m[K/home/hansol/ros2_ws/src/darknet_ros/darknet_ros/src/YoloObjectDetector.cpp:740:24:[m[K [01;31m[Kerror: [m[Kinvalid use of â€˜[01m[Kthis[m[Kâ€™ in non-member function
[15.837s]      msg.header.stamp = [01;31m[Kthis[m[K->now();
[15.839s]                         [01;31m[K^~~~[m[K
[15.839s] [01m[K/home/hansol/ros2_ws/src/darknet_ros/darknet_ros/src/YoloObjectDetector.cpp:743:5:[m[K [01;31m[Kerror: [m[Kâ€˜[01m[KobjectPublisher_[m[Kâ€™ was not declared in this scope
[15.840s]      [01;31m[KobjectPublisher_[m[K->publish(msg);
[15.841s]      [01;31m[K^~~~~~~~~~~~~~~~[m[K
[15.868s] [01m[K/home/hansol/ros2_ws/src/darknet_ros/darknet_ros/src/YoloObjectDetector.cpp:743:5:[m[K [01;36m[Knote: [m[Ksuggested alternative: â€˜[01m[Krcl_publisher_t[m[Kâ€™
[15.868s]      [01;36m[KobjectPublisher_[m[K->publish(msg);
[15.869s]      [01;36m[K^~~~~~~~~~~~~~~~[m[K
[15.870s]      [32m[Krcl_publisher_t[m[K
[15.870s] [01m[K/home/hansol/ros2_ws/src/darknet_ros/darknet_ros/src/YoloObjectDetector.cpp:745:7:[m[K [01;31m[Kerror: [m[Kâ€˜[01m[KisCheckingForObjects[m[Kâ€™ was not declared in this scope
[15.871s]    if ([01;31m[KisCheckingForObjects[m[K()) {
[15.871s]        [01;31m[K^~~~~~~~~~~~~~~~~~~~[m[K
[15.910s] In file included from [01m[K/opt/ros/dashing/include/rclcpp/service.hpp:33:0[m[K,
[15.911s]                  from [01m[K/opt/ros/dashing/include/rclcpp/callback_group.hpp:25[m[K,
[15.912s]                  from [01m[K/opt/ros/dashing/include/rclcpp/any_executable.hpp:20[m[K,
[15.912s]                  from [01m[K/opt/ros/dashing/include/rclcpp/memory_strategy.hpp:24[m[K,
[15.913s]                  from [01m[K/opt/ros/dashing/include/rclcpp/memory_strategies.hpp:18[m[K,
[15.914s]                  from [01m[K/opt/ros/dashing/include/rclcpp/executor.hpp:33[m[K,
[15.914s]                  from [01m[K/opt/ros/dashing/include/rclcpp/executors/multi_threaded_executor.hpp:24[m[K,
[15.915s]                  from [01m[K/opt/ros/dashing/include/rclcpp/executors.hpp:21[m[K,
[15.916s]                  from [01m[K/opt/ros/dashing/include/rclcpp/rclcpp.hpp:144[m[K,
[15.917s]                  from [01m[K/home/hansol/ros2_ws/src/darknet_ros/darknet_ros/include/darknet_ros/YoloObjectDetector.hpp:25[m[K,
[15.917s]                  from [01m[K/home/hansol/ros2_ws/src/darknet_ros/darknet_ros/src/YoloObjectDetector.cpp:11[m[K:
[15.918s] [01m[K/home/hansol/ros2_ws/src/darknet_ros/darknet_ros/src/YoloObjectDetector.cpp:746:18:[m[K [01;31m[Kerror: [m[Kâ€˜[01m[Kget_logger[m[Kâ€™ was not declared in this scope
[15.919s]      RCLCPP_DEBUG([01;31m[Kg[m[Ket_logger(), "[YoloObjectDetector] check for objects in image.");
[15.919s]                   [01;31m[K^[m[K
[15.920s] [01m[K/opt/ros/dashing/include/rclcpp/logging.hpp:77:86:[m[K [01;36m[Knote: [m[Kin definition of macro â€˜[01m[KRCLCPP_DEBUG[m[Kâ€™
[15.920s]  ence<typename std::remove_cv<decltype([01;36m[Klogger[m[K)>::type>::type, \
[15.921s]                                        [01;36m[K^~~~~~[m[K
[15.922s] [01m[K/home/hansol/ros2_ws/src/darknet_ros/darknet_ros/src/YoloObjectDetector.cpp:746:18:[m[K [01;36m[Knote: [m[Ksuggested alternative:
[15.922s]      RCLCPP_DEBUG([01;36m[Kg[m[Ket_logger(), "[YoloObjectDetector] check for objects in image.");
[15.923s]                   [01;36m[K^[m[K
[15.923s] [01m[K/opt/ros/dashing/include/rclcpp/logging.hpp:77:86:[m[K [01;36m[Knote: [m[Kin definition of macro â€˜[01m[KRCLCPP_DEBUG[m[Kâ€™
[15.924s]  ence<typename std::remove_cv<decltype([01;36m[Klogger[m[K)>::type>::type, \
[15.925s]                                        [01;36m[K^~~~~~[m[K
[15.925s] In file included from [01m[K/opt/ros/dashing/include/rclcpp/logging.hpp:22:0[m[K,
[15.926s]                  from [01m[K/opt/ros/dashing/include/rclcpp/service.hpp:33[m[K,
[15.926s]                  from [01m[K/opt/ros/dashing/include/rclcpp/callback_group.hpp:25[m[K,
[15.927s]                  from [01m[K/opt/ros/dashing/include/rclcpp/any_executable.hpp:20[m[K,
[15.928s]                  from [01m[K/opt/ros/dashing/include/rclcpp/memory_strategy.hpp:24[m[K,
[15.928s]                  from [01m[K/opt/ros/dashing/include/rclcpp/memory_strategies.hpp:18[m[K,
[15.929s]                  from [01m[K/opt/ros/dashing/include/rclcpp/executor.hpp:33[m[K,
[15.929s]                  from [01m[K/opt/ros/dashing/include/rclcpp/executors/multi_threaded_executor.hpp:24[m[K,
[15.930s]                  from [01m[K/opt/ros/dashing/include/rclcpp/executors.hpp:21[m[K,
[15.930s]                  from [01m[K/opt/ros/dashing/include/rclcpp/rclcpp.hpp:144[m[K,
[15.931s]                  from [01m[K/home/hansol/ros2_ws/src/darknet_ros/darknet_ros/include/darknet_ros/YoloObjectDetector.hpp:25[m[K,
[15.932s]                  from [01m[K/home/hansol/ros2_ws/src/darknet_ros/darknet_ros/src/YoloObjectDetector.cpp:11[m[K:
[15.932s] [01m[K/opt/ros/dashing/include/rclcpp/logger.hpp:80:17:[m[K [01;36m[Knote: [m[K  â€˜[01m[Krclcpp::get_logger[m[Kâ€™
[15.933s]    friend Logger [01;36m[Krclcpp[m[K::get_logger(const std::string & name);
[15.934s]                  [01;36m[K^~~~~~[m[K
[15.934s] In file included from [01m[K/opt/ros/dashing/include/rclcpp/service.hpp:33:0[m[K,
[15.935s]                  from [01m[K/opt/ros/dashing/include/rclcpp/callback_group.hpp:25[m[K,
[15.936s]                  from [01m[K/opt/ros/dashing/include/rclcpp/any_executable.hpp:20[m[K,
[15.936s]                  from [01m[K/opt/ros/dashing/include/rclcpp/memory_strategy.hpp:24[m[K,
[15.937s]                  from [01m[K/opt/ros/dashing/include/rclcpp/memory_strategies.hpp:18[m[K,
[15.937s]                  from [01m[K/opt/ros/dashing/include/rclcpp/executor.hpp:33[m[K,
[15.938s]                  from [01m[K/opt/ros/dashing/include/rclcpp/executors/multi_threaded_executor.hpp:24[m[K,
[15.939s]                  from [01m[K/opt/ros/dashing/include/rclcpp/executors.hpp:21[m[K,
[15.939s]                  from [01m[K/opt/ros/dashing/include/rclcpp/rclcpp.hpp:144[m[K,
[15.940s]                  from [01m[K/home/hansol/ros2_ws/src/darknet_ros/darknet_ros/include/darknet_ros/YoloObjectDetector.hpp:25[m[K,
[15.941s]                  from [01m[K/home/hansol/ros2_ws/src/darknet_ros/darknet_ros/src/YoloObjectDetector.cpp:11[m[K:
[15.941s] [01m[K/opt/ros/dashing/include/rclcpp/logging.hpp:77:93:[m[K [01;31m[Kerror: [m[Ktemplate argument 1 is invalid
[15.942s]  pename std::remove_cv<decltype(logger)[01;31m[K>[m[K::type>::type, \
[15.942s]                                        [01;31m[K^[m[K
[15.943s] [01m[K/home/hansol/ros2_ws/src/darknet_ros/darknet_ros/src/YoloObjectDetector.cpp:746:5:[m[K [01;36m[Knote: [m[Kin expansion of macro â€˜[01m[KRCLCPP_DEBUG[m[Kâ€™
[15.944s]      [01;36m[KR[m[KCLCPP_DEBUG(get_logger(), "[YoloObjectDetector] check for objects in image.");
[15.945s]      [01;36m[K^[m[K
[15.945s] [01m[K/opt/ros/dashing/include/rclcpp/logging.hpp:77:100:[m[K [01;31m[Kerror: [m[Ktemplate argument 1 is invalid
[15.946s]   std::remove_cv<decltype(logger)>::type[01;31m[K>[m[K::type, \
[15.947s]                                         [01;31m[K^[m[K
[15.947s] [01m[K/home/hansol/ros2_ws/src/darknet_ros/darknet_ros/src/YoloObjectDetector.cpp:746:5:[m[K [01;36m[Knote: [m[Kin expansion of macro â€˜[01m[KRCLCPP_DEBUG[m[Kâ€™
[15.948s]      [01;36m[KR[m[KCLCPP_DEBUG(get_logger(), "[YoloObjectDetector] check for objects in image.");
[15.949s]      [01;36m[K^[m[K
[15.950s] [01m[K/opt/ros/dashing/include/rclcpp/logging.hpp:78:32:[m[K [01;31m[Kerror: [m[Ktemplate argument 1 is invalid
[15.950s]        typename ::rclcpp::Logger[01;31m[K>[m[K::value, \
[15.952s]                                 [01;31m[K^[m[K
[15.953s] [01m[K/home/hansol/ros2_ws/src/darknet_ros/darknet_ros/src/YoloObjectDetector.cpp:746:5:[m[K [01;36m[Knote: [m[Kin expansion of macro â€˜[01m[KRCLCPP_DEBUG[m[Kâ€™
[15.955s]      [01;36m[KR[m[KCLCPP_DEBUG(get_logger(), "[YoloObjectDetector] check for objects in image.");
[15.956s]      [01;36m[K^[m[K
[15.957s] [01m[K/home/hansol/ros2_ws/src/darknet_ros/darknet_ros/src/YoloObjectDetector.cpp:747:36:[m[K [01;31m[Kerror: [m[Kâ€˜[01m[KCheckForObjectsAction[m[Kâ€™ was not declared in this scope
[15.957s]      auto result = std::make_shared<[01;31m[KCheckForObjectsAction[m[K::Result>();
[15.958s]                                     [01;31m[K^~~~~~~~~~~~~~~~~~~~~[m[K
[15.959s] [01m[K/home/hansol/ros2_ws/src/darknet_ros/darknet_ros/src/YoloObjectDetector.cpp:747:24:[m[K [01;31m[Kerror: [m[Kparse error in template argument list
[15.960s]      auto result = std::[01;31m[Kmake_shared<CheckForObjectsAction::Result>[m[K();
[15.961s]                         [01;31m[K^~~~~~~~~~~~~~~~~~~~~~~~~~~~~~~~~~~~~~~~~~[m[K
[15.962s] [01m[K/home/hansol/ros2_ws/src/darknet_ros/darknet_ros/src/YoloObjectDetector.cpp:747:67:[m[K [01;31m[Kerror: [m[Kno matching function for call to â€˜[01m[Kmake_shared<<expression error> >()[m[Kâ€™
[15.963s]  td::make_shared<CheckForObjectsAction::Result>([01;31m[K)[m[K;
[15.964s]                                                 [01;31m[K^[m[K
[15.964s] In file included from [01m[K/usr/include/c++/7/memory:81:0[m[K,
[15.965s]                  from [01m[K/usr/include/opencv4/opencv2/core/cvstd_wrapper.hpp:11[m[K,
[15.967s]                  from [01m[K/usr/include/opencv4/opencv2/core/cvstd.hpp:81[m[K,
[15.967s]                  from [01m[K/usr/include/opencv4/opencv2/core/base.hpp:58[m[K,
[15.968s]                  from [01m[K/usr/include/opencv4/opencv2/core.hpp:54[m[K,
[15.969s]                  from [01m[K/usr/include/opencv4/opencv2/opencv.hpp:52[m[K,
[15.970s]                  from [01m[K/home/hansol/ros2_ws/src/darknet_ros/darknet_ros/src/YoloObjectDetector.cpp:9[m[K:
[15.970s] [01m[K/usr/include/c++/7/bits/shared_ptr.h:703:5:[m[K [01;36m[Knote: [m[Kcandidate: template<class _Tp, class ... _Args> std::shared_ptr<_Tp> std::make_shared(_Args&& ...)
[15.971s]      [01;36m[Kmake_shared[m[K(_Args&&... __args)
[15.971s]      [01;36m[K^~~~~~~~~~~[m[K
[15.972s] [01m[K/usr/include/c++/7/bits/shared_ptr.h:703:5:[m[K [01;36m[Knote: [m[K  template argument deduction/substitution failed:
[15.973s] [01m[K/home/hansol/ros2_ws/src/darknet_ros/darknet_ros/src/YoloObjectDetector.cpp:747:67:[m[K [01;31m[Kerror: [m[Ktemplate argument 1 is invalid
[15.973s]  td::make_shared<CheckForObjectsAction::Result>([01;31m[K)[m[K;
[15.974s]                                                 [01;31m[K^[m[K
[15.974s] [01m[K/home/hansol/ros2_ws/src/darknet_ros/darknet_ros/src/YoloObjectDetector.cpp:749:18:[m[K [01;31m[Kerror: [m[Kâ€˜[01m[KbuffId_[m[Kâ€™ was not declared in this scope
[15.975s]      result->id = [01;31m[KbuffId_[m[K[0];
[15.976s]                   [01;31m[K^~~~~~~[m[K
[15.976s] [01m[K/home/hansol/ros2_ws/src/darknet_ros/darknet_ros/src/YoloObjectDetector.cpp:750:30:[m[K [01;31m[Kerror: [m[Kâ€˜[01m[KboundingBoxesResults_[m[Kâ€™ was not declared in this scope
[15.977s]      result->bounding_boxes = [01;31m[KboundingBoxesResults_[m[K;
[15.978s]                               [01;31m[K^~~~~~~~~~~~~~~~~~~~~[m[K
[16.009s] [01m[K/home/hansol/ros2_ws/src/darknet_ros/darknet_ros/src/YoloObjectDetector.cpp:751:5:[m[K [01;31m[Kerror: [m[Kâ€˜[01m[Kgoal_handle_[m[Kâ€™ was not declared in this scope
[16.010s]      [01;31m[Kgoal_handle_[m[K->succeed(result);
[16.011s]      [01;31m[K^~~~~~~~~~~~[m[K
[16.027s] [01m[K/home/hansol/ros2_ws/src/darknet_ros/darknet_ros/src/YoloObjectDetector.cpp:751:5:[m[K [01;36m[Knote: [m[Ksuggested alternative: â€˜[01m[Kblas_handle[m[Kâ€™
[16.028s]      [01;36m[Kgoal_handle_[m[K->succeed(result);
[16.029s]      [01;36m[K^~~~~~~~~~~~[m[K
[16.029s]      [32m[Kblas_handle[m[K
[16.030s] [01m[K/home/hansol/ros2_ws/src/darknet_ros/darknet_ros/src/YoloObjectDetector.cpp:752:5:[m[K [01;31m[Kerror: [m[Kâ€˜[01m[Kaction_active_[m[Kâ€™ was not declared in this scope
[16.030s]      [01;31m[Kaction_active_[m[K = false;
[16.031s]      [01;31m[K^~~~~~~~~~~~~~[m[K
[16.053s] [01m[K/home/hansol/ros2_ws/src/darknet_ros/darknet_ros/src/YoloObjectDetector.cpp:752:5:[m[K [01;36m[Knote: [m[Ksuggested alternative: â€˜[01m[Klhtan_activate[m[Kâ€™
[16.054s]      [01;36m[Kaction_active_[m[K = false;
[16.055s]      [01;36m[K^~~~~~~~~~~~~~[m[K
[16.056s]      [32m[Klhtan_activate[m[K
[16.057s] [01m[K/home/hansol/ros2_ws/src/darknet_ros/darknet_ros/src/YoloObjectDetector.cpp:754:3:[m[K [01;31m[Kerror: [m[Kâ€˜[01m[KboundingBoxesResults_[m[Kâ€™ was not declared in this scope
[16.057s]    [01;31m[KboundingBoxesResults_[m[K.bounding_boxes.clear();
[16.058s]    [01;31m[K^~~~~~~~~~~~~~~~~~~~~[m[K
[16.095s] [01m[K/home/hansol/ros2_ws/src/darknet_ros/darknet_ros/src/YoloObjectDetector.cpp:755:23:[m[K [01;31m[Kerror: [m[Kâ€˜[01m[KnumClasses_[m[Kâ€™ was not declared in this scope
[16.096s]    for (int i = 0; i < [01;31m[KnumClasses_[m[K; i++) {
[16.097s]                        [01;31m[K^~~~~~~~~~~[m[K
[16.116s] [01m[K/home/hansol/ros2_ws/src/darknet_ros/darknet_ros/src/YoloObjectDetector.cpp:756:5:[m[K [01;31m[Kerror: [m[Kâ€˜[01m[KrosBoxes_[m[Kâ€™ was not declared in this scope
[16.118s]      [01;31m[KrosBoxes_[m[K[i].clear();
[16.118s]      [01;31m[K^~~~~~~~~[m[K
[16.134s] [01m[K/home/hansol/ros2_ws/src/darknet_ros/darknet_ros/src/YoloObjectDetector.cpp:757:5:[m[K [01;31m[Kerror: [m[Kâ€˜[01m[KrosBoxCounter_[m[Kâ€™ was not declared in this scope
[16.135s]      [01;31m[KrosBoxCounter_[m[K[i] = 0;
[16.136s]      [01;31m[K^~~~~~~~~~~~~~[m[K
[16.162s] [01m[K/home/hansol/ros2_ws/src/darknet_ros/darknet_ros/src/YoloObjectDetector.cpp:[m[K At global scope:
[16.163s] [01m[K/home/hansol/ros2_ws/src/darknet_ros/darknet_ros/src/YoloObjectDetector.cpp:763:6:[m[K [01;31m[Kerror: [m[Kâ€˜[01m[KYoloObjectDetector[m[Kâ€™ has not been declared
[16.164s]  void [01;31m[KYoloObjectDetector[m[K::generate_image_cp(image p, cv::Mat& disp) {
[16.165s]       [01;31m[K^~~~~~~~~~~~~~~~~~[m[K
[16.166s] [01m[K/home/hansol/ros2_ws/src/darknet_ros/darknet_ros/src/YoloObjectDetector.cpp:778:1:[m[K [01;31m[Kerror: [m[Kexpected declaration before â€˜[01m[K}[m[Kâ€™ token
[16.167s]  [01;31m[K}[m[K /* namespace darknet_ros*/
[16.168s]  [01;31m[K^[m[K
[26.357s] CMakeFiles/darknet_ros_lib.dir/build.make:2370: recipe for target 'CMakeFiles/darknet_ros_lib.dir/src/YoloObjectDetector.cpp.o' failed
[26.359s] make[2]: *** [CMakeFiles/darknet_ros_lib.dir/src/YoloObjectDetector.cpp.o] Error 1
[26.360s] make[1]: *** [CMakeFiles/darknet_ros_lib.dir/all] Error 2
[26.360s] CMakeFiles/Makefile2:111: recipe for target 'CMakeFiles/darknet_ros_lib.dir/all' failed
[26.361s] make: *** [all] Error 2
[26.362s] Makefile:145: recipe for target 'all' failed
[26.367s] Invoked command in '/home/hansol/ros2_ws/build/darknet_ros' returned '2': CMAKE_PREFIX_PATH=/home/hansol/ros2_ws/install/darknet_ros_msgs:/home/hansol/ros2_ws/install/realsense_ros2_camera:/home/hansol/ros2_ws/install/realsense_camera_msgs:/home/hansol/ros2_ws/install/darknet_ros:/home/hansol/ros2_ws/install/Darknet:/opt/ros/dashing LD_LIBRARY_PATH=/home/hansol/ros2_ws/install/darknet_ros_msgs/lib:/home/hansol/ros2_ws/install/realsense_camera_msgs/lib:/home/hansol/ros2_ws/install/darknet_ros/lib:/opt/ros/dashing/lib:/usr/local/cuda-10.2/lib64 PYTHONPATH=/home/hansol/ros2_ws/install/darknet_ros_msgs/lib/python3.6/site-packages:/home/hansol/ros2_ws/install/realsense_camera_msgs/lib/python3.6/site-packages:/opt/ros/dashing/lib/python3.6/site-packages /usr/local/bin/cmake --build /home/hansol/ros2_ws/build/darknet_ros -- -j4 -l4
